DEBUT MANCHE NUMERO : 1 

DEBUT TOUR NUMERO : 1 

Scores et information des joueurs :

Robot Robot_1 (Groupe B, Score 66)

Robot Robot_2 (Groupe A, Score 66)

Robot Robot_3 (Groupe B, Score 66)

Robot Robot_1 a choisi la carte [ 45 | 2 ]

Robot Robot_2 a choisi la carte [ 2 | 1 ]

Robot Robot_3 a choisi la carte [ 26 | 1 ]

FIN TOUR NUMERO : 1 

DEBUT TOUR NUMERO : 2 

Scores et information des joueurs :

Robot Robot_1 (Groupe B, Score 66)

Robot Robot_2 (Groupe A, Score 65)

Robot Robot_3 (Groupe B, Score 66)

Robot Robot_1 a choisi la carte [ 77 | 5 ]

Robot Robot_2 a choisi la carte [ 6 | 1 ]

Robot Robot_3 a choisi la carte [ 17 | 1 ]

FIN TOUR NUMERO : 2 

DEBUT TOUR NUMERO : 3 

Scores et information des joueurs :

Robot Robot_1 (Groupe B, Score 66)

Robot Robot_2 (Groupe A, Score 65)

Robot Robot_3 (Groupe B, Score 66)

Robot Robot_1 a choisi la carte [ 50 | 3 ]

Robot Robot_2 a choisi la carte [ 57 | 1 ]

Robot Robot_3 a choisi la carte [ 101 | 1 ]

FIN TOUR NUMERO : 3 

DEBUT TOUR NUMERO : 4 

Scores et information des joueurs :

Robot Robot_1 (Groupe B, Score 66)

Robot Robot_2 (Groupe A, Score 65)

Robot Robot_3 (Groupe B, Score 66)

Robot Robot_1 a choisi la carte [ 15 | 2 ]

Robot Robot_2 a choisi la carte [ 47 | 1 ]

Robot Robot_3 a choisi la carte [ 81 | 1 ]

FIN TOUR NUMERO : 4 

DEBUT TOUR NUMERO : 5 

Scores et information des joueurs :

Robot Robot_1 (Groupe B, Score 63)

Robot Robot_2 (Groupe A, Score 65)

Robot Robot_3 (Groupe B, Score 66)

Robot Robot_1 a choisi la carte [ 104 | 1 ]

Robot Robot_2 a choisi la carte [ 23 | 1 ]

Robot Robot_3 a choisi la carte [ 103 | 1 ]

FIN TOUR NUMERO : 5 

DEBUT TOUR NUMERO : 6 

Scores et information des joueurs :

Robot Robot_1 (Groupe B, Score 63)

Robot Robot_2 (Groupe A, Score 62)

Robot Robot_3 (Groupe B, Score 66)

Robot Robot_1 a choisi la carte [ 64 | 1 ]

Robot Robot_2 a choisi la carte [ 43 | 1 ]

Robot Robot_3 a choisi la carte [ 20 | 3 ]

FIN TOUR NUMERO : 6 

DEBUT TOUR NUMERO : 7 

Scores et information des joueurs :

Robot Robot_1 (Groupe B, Score 63)

Robot Robot_2 (Groupe A, Score 62)

Robot Robot_3 (Groupe B, Score 64)

Robot Robot_1 a choisi la carte [ 70 | 3 ]

Robot Robot_2 a choisi la carte [ 88 | 5 ]

Robot Robot_3 a choisi la carte [ 48 | 1 ]

FIN TOUR NUMERO : 7 

DEBUT TOUR NUMERO : 8 

Scores et information des joueurs :

Robot Robot_1 (Groupe B, Score 56)

Robot Robot_2 (Groupe A, Score 62)

Robot Robot_3 (Groupe B, Score 64)

Robot Robot_1 a choisi la carte [ 40 | 3 ]

Robot Robot_2 a choisi la carte [ 94 | 1 ]

Robot Robot_3 a choisi la carte [ 99 | 5 ]

FIN TOUR NUMERO : 8 

DEBUT TOUR NUMERO : 9 

Scores et information des joueurs :

Robot Robot_1 (Groupe B, Score 52)

Robot Robot_2 (Groupe A, Score 62)

Robot Robot_3 (Groupe B, Score 64)

Robot Robot_1 a choisi la carte [ 32 | 1 ]

Robot Robot_2 a choisi la carte [ 90 | 3 ]

Robot Robot_3 a choisi la carte [ 41 | 1 ]

FIN TOUR NUMERO : 9 

DEBUT TOUR NUMERO : 10 

Scores et information des joueurs :

Robot Robot_1 (Groupe B, Score 49)

Robot Robot_2 (Groupe A, Score 62)

Robot Robot_3 (Groupe B, Score 60)

Robot Robot_1 a choisi la carte [ 35 | 2 ]

Robot Robot_2 a choisi la carte [ 29 | 1 ]

Robot Robot_3 a choisi la carte [ 68 | 1 ]

FIN TOUR NUMERO : 10 

FIN MANCHE NUMERO : 1 

DEBUT MANCHE NUMERO : 2 

DEBUT TOUR NUMERO : 1 

Scores et information des joueurs :

Robot Robot_1 (Groupe B, Score 48)

Robot Robot_2 (Groupe A, Score 60)

Robot Robot_3 (Groupe B, Score 60)

Robot Robot_1 a choisi la carte [ 45 | 2 ]

Robot Robot_2 a choisi la carte [ 2 | 1 ]

Robot Robot_3 a choisi la carte [ 26 | 1 ]

FIN TOUR NUMERO : 1 

DEBUT TOUR NUMERO : 2 

Scores et information des joueurs :

Robot Robot_1 (Groupe B, Score 48)

Robot Robot_2 (Groupe A, Score 59)

Robot Robot_3 (Groupe B, Score 60)

Robot Robot_1 a choisi la carte [ 77 | 5 ]

Robot Robot_2 a choisi la carte [ 6 | 1 ]

Robot Robot_3 a choisi la carte [ 17 | 1 ]

FIN TOUR NUMERO : 2 

DEBUT TOUR NUMERO : 3 

Scores et information des joueurs :

Robot Robot_1 (Groupe B, Score 48)

Robot Robot_2 (Groupe A, Score 59)

Robot Robot_3 (Groupe B, Score 60)

Robot Robot_1 a choisi la carte [ 50 | 3 ]

Robot Robot_2 a choisi la carte [ 57 | 1 ]

Robot Robot_3 a choisi la carte [ 101 | 1 ]

FIN TOUR NUMERO : 3 

DEBUT TOUR NUMERO : 4 

Scores et information des joueurs :

Robot Robot_1 (Groupe B, Score 48)

Robot Robot_2 (Groupe A, Score 59)

Robot Robot_3 (Groupe B, Score 60)

Robot Robot_1 a choisi la carte [ 15 | 2 ]

Robot Robot_2 a choisi la carte [ 47 | 1 ]

Robot Robot_3 a choisi la carte [ 81 | 1 ]

FIN TOUR NUMERO : 4 

DEBUT TOUR NUMERO : 5 

Scores et information des joueurs :

Robot Robot_1 (Groupe B, Score 45)

Robot Robot_2 (Groupe A, Score 59)

Robot Robot_3 (Groupe B, Score 60)

Robot Robot_1 a choisi la carte [ 104 | 1 ]

Robot Robot_2 a choisi la carte [ 23 | 1 ]

Robot Robot_3 a choisi la carte [ 103 | 1 ]

FIN TOUR NUMERO : 5 

DEBUT TOUR NUMERO : 6 

Scores et information des joueurs :

Robot Robot_1 (Groupe B, Score 45)

Robot Robot_2 (Groupe A, Score 56)

Robot Robot_3 (Groupe B, Score 60)

Robot Robot_1 a choisi la carte [ 64 | 1 ]

Robot Robot_2 a choisi la carte [ 43 | 1 ]

Robot Robot_3 a choisi la carte [ 20 | 3 ]

FIN TOUR NUMERO : 6 

DEBUT TOUR NUMERO : 7 

Scores et information des joueurs :

Robot Robot_1 (Groupe B, Score 45)

Robot Robot_2 (Groupe A, Score 56)

Robot Robot_3 (Groupe B, Score 58)

Robot Robot_1 a choisi la carte [ 70 | 3 ]

Robot Robot_2 a choisi la carte [ 88 | 5 ]

Robot Robot_3 a choisi la carte [ 48 | 1 ]

FIN TOUR NUMERO : 7 

DEBUT TOUR NUMERO : 8 

Scores et information des joueurs :

Robot Robot_1 (Groupe B, Score 38)

Robot Robot_2 (Groupe A, Score 56)

Robot Robot_3 (Groupe B, Score 58)

Robot Robot_1 a choisi la carte [ 40 | 3 ]

Robot Robot_2 a choisi la carte [ 94 | 1 ]

Robot Robot_3 a choisi la carte [ 99 | 5 ]

FIN TOUR NUMERO : 8 

DEBUT TOUR NUMERO : 9 

Scores et information des joueurs :

Robot Robot_1 (Groupe B, Score 34)

Robot Robot_2 (Groupe A, Score 56)

Robot Robot_3 (Groupe B, Score 58)

Robot Robot_1 a choisi la carte [ 32 | 1 ]

Robot Robot_2 a choisi la carte [ 90 | 3 ]

Robot Robot_3 a choisi la carte [ 41 | 1 ]

FIN TOUR NUMERO : 9 

DEBUT TOUR NUMERO : 10 

Scores et information des joueurs :

Robot Robot_1 (Groupe B, Score 31)

Robot Robot_2 (Groupe A, Score 56)

Robot Robot_3 (Groupe B, Score 54)

Robot Robot_1 a choisi la carte [ 35 | 2 ]

Robot Robot_2 a choisi la carte [ 29 | 1 ]

Robot Robot_3 a choisi la carte [ 68 | 1 ]

FIN TOUR NUMERO : 10 

FIN MANCHE NUMERO : 2 

DEBUT MANCHE NUMERO : 3 

DEBUT TOUR NUMERO : 1 

Scores et information des joueurs :

Robot Robot_1 (Groupe B, Score 30)

Robot Robot_2 (Groupe A, Score 54)

Robot Robot_3 (Groupe B, Score 54)

Robot Robot_1 a choisi la carte [ 45 | 2 ]

Robot Robot_2 a choisi la carte [ 2 | 1 ]

Robot Robot_3 a choisi la carte [ 26 | 1 ]

FIN TOUR NUMERO : 1 

DEBUT TOUR NUMERO : 2 

Scores et information des joueurs :

Robot Robot_1 (Groupe B, Score 30)

Robot Robot_2 (Groupe A, Score 53)

Robot Robot_3 (Groupe B, Score 54)

Robot Robot_1 a choisi la carte [ 77 | 5 ]

Robot Robot_2 a choisi la carte [ 6 | 1 ]

Robot Robot_3 a choisi la carte [ 17 | 1 ]

FIN TOUR NUMERO : 2 

DEBUT TOUR NUMERO : 3 

Scores et information des joueurs :

Robot Robot_1 (Groupe B, Score 30)

Robot Robot_2 (Groupe A, Score 53)

Robot Robot_3 (Groupe B, Score 54)

Robot Robot_1 a choisi la carte [ 50 | 3 ]

Robot Robot_2 a choisi la carte [ 57 | 1 ]

Robot Robot_3 a choisi la carte [ 101 | 1 ]

FIN TOUR NUMERO : 3 

DEBUT TOUR NUMERO : 4 

Scores et information des joueurs :

Robot Robot_1 (Groupe B, Score 30)

Robot Robot_2 (Groupe A, Score 53)

Robot Robot_3 (Groupe B, Score 54)

Robot Robot_1 a choisi la carte [ 15 | 2 ]

Robot Robot_2 a choisi la carte [ 47 | 1 ]

Robot Robot_3 a choisi la carte [ 81 | 1 ]

FIN TOUR NUMERO : 4 

DEBUT TOUR NUMERO : 5 

Scores et information des joueurs :

Robot Robot_1 (Groupe B, Score 27)

Robot Robot_2 (Groupe A, Score 53)

Robot Robot_3 (Groupe B, Score 54)

Robot Robot_1 a choisi la carte [ 104 | 1 ]

Robot Robot_2 a choisi la carte [ 23 | 1 ]

Robot Robot_3 a choisi la carte [ 103 | 1 ]

FIN TOUR NUMERO : 5 

DEBUT TOUR NUMERO : 6 

Scores et information des joueurs :

Robot Robot_1 (Groupe B, Score 27)

Robot Robot_2 (Groupe A, Score 50)

Robot Robot_3 (Groupe B, Score 54)

Robot Robot_1 a choisi la carte [ 64 | 1 ]

Robot Robot_2 a choisi la carte [ 43 | 1 ]

Robot Robot_3 a choisi la carte [ 20 | 3 ]

FIN TOUR NUMERO : 6 

DEBUT TOUR NUMERO : 7 

Scores et information des joueurs :

Robot Robot_1 (Groupe B, Score 27)

Robot Robot_2 (Groupe A, Score 50)

Robot Robot_3 (Groupe B, Score 52)

Robot Robot_1 a choisi la carte [ 70 | 3 ]

Robot Robot_2 a choisi la carte [ 88 | 5 ]

Robot Robot_3 a choisi la carte [ 48 | 1 ]

FIN TOUR NUMERO : 7 

DEBUT TOUR NUMERO : 8 

Scores et information des joueurs :

Robot Robot_1 (Groupe B, Score 20)

Robot Robot_2 (Groupe A, Score 50)

Robot Robot_3 (Groupe B, Score 52)

Robot Robot_1 a choisi la carte [ 40 | 3 ]

Robot Robot_2 a choisi la carte [ 94 | 1 ]

Robot Robot_3 a choisi la carte [ 99 | 5 ]

FIN TOUR NUMERO : 8 

DEBUT TOUR NUMERO : 9 

Scores et information des joueurs :

Robot Robot_1 (Groupe B, Score 16)

Robot Robot_2 (Groupe A, Score 50)

Robot Robot_3 (Groupe B, Score 52)

Robot Robot_1 a choisi la carte [ 32 | 1 ]

Robot Robot_2 a choisi la carte [ 90 | 3 ]

Robot Robot_3 a choisi la carte [ 41 | 1 ]

FIN TOUR NUMERO : 9 

DEBUT TOUR NUMERO : 10 

Scores et information des joueurs :

Robot Robot_1 (Groupe B, Score 13)

Robot Robot_2 (Groupe A, Score 50)

Robot Robot_3 (Groupe B, Score 48)

Robot Robot_1 a choisi la carte [ 35 | 2 ]

Robot Robot_2 a choisi la carte [ 29 | 1 ]

Robot Robot_3 a choisi la carte [ 68 | 1 ]

FIN TOUR NUMERO : 10 

FIN MANCHE NUMERO : 3 

DEBUT MANCHE NUMERO : 4 

DEBUT TOUR NUMERO : 1 

Scores et information des joueurs :

Robot Robot_1 (Groupe B, Score 12)

Robot Robot_2 (Groupe A, Score 48)

Robot Robot_3 (Groupe B, Score 48)

Robot Robot_1 a choisi la carte [ 45 | 2 ]

Robot Robot_2 a choisi la carte [ 2 | 1 ]

Robot Robot_3 a choisi la carte [ 26 | 1 ]

FIN TOUR NUMERO : 1 

DEBUT TOUR NUMERO : 2 

Scores et information des joueurs :

Robot Robot_1 (Groupe B, Score 12)

Robot Robot_2 (Groupe A, Score 47)

Robot Robot_3 (Groupe B, Score 48)

Robot Robot_1 a choisi la carte [ 77 | 5 ]

Robot Robot_2 a choisi la carte [ 6 | 1 ]

Robot Robot_3 a choisi la carte [ 17 | 1 ]

FIN TOUR NUMERO : 2 

DEBUT TOUR NUMERO : 3 

Scores et information des joueurs :

Robot Robot_1 (Groupe B, Score 12)

Robot Robot_2 (Groupe A, Score 47)

Robot Robot_3 (Groupe B, Score 48)

Robot Robot_1 a choisi la carte [ 50 | 3 ]

Robot Robot_2 a choisi la carte [ 57 | 1 ]

Robot Robot_3 a choisi la carte [ 101 | 1 ]

FIN TOUR NUMERO : 3 

DEBUT TOUR NUMERO : 4 

Scores et information des joueurs :

Robot Robot_1 (Groupe B, Score 12)

Robot Robot_2 (Groupe A, Score 47)

Robot Robot_3 (Groupe B, Score 48)

Robot Robot_1 a choisi la carte [ 15 | 2 ]

Robot Robot_2 a choisi la carte [ 47 | 1 ]

Robot Robot_3 a choisi la carte [ 81 | 1 ]

FIN TOUR NUMERO : 4 

DEBUT TOUR NUMERO : 5 

Scores et information des joueurs :

Robot Robot_1 (Groupe B, Score 9)

Robot Robot_2 (Groupe A, Score 47)

Robot Robot_3 (Groupe B, Score 48)

Robot Robot_1 a choisi la carte [ 104 | 1 ]

Robot Robot_2 a choisi la carte [ 23 | 1 ]

Robot Robot_3 a choisi la carte [ 103 | 1 ]

FIN TOUR NUMERO : 5 

DEBUT TOUR NUMERO : 6 

Scores et information des joueurs :

Robot Robot_1 (Groupe B, Score 9)

Robot Robot_2 (Groupe A, Score 44)

Robot Robot_3 (Groupe B, Score 48)

Robot Robot_1 a choisi la carte [ 64 | 1 ]

Robot Robot_2 a choisi la carte [ 43 | 1 ]

Robot Robot_3 a choisi la carte [ 20 | 3 ]

FIN TOUR NUMERO : 6 

DEBUT TOUR NUMERO : 7 

Scores et information des joueurs :

Robot Robot_1 (Groupe B, Score 9)

Robot Robot_2 (Groupe A, Score 44)

Robot Robot_3 (Groupe B, Score 46)

Robot Robot_1 a choisi la carte [ 70 | 3 ]

Robot Robot_2 a choisi la carte [ 88 | 5 ]

Robot Robot_3 a choisi la carte [ 48 | 1 ]

FIN TOUR NUMERO : 7 

DEBUT TOUR NUMERO : 8 

Scores et information des joueurs :

Robot Robot_1 (Groupe B, Score 2)

Robot Robot_2 (Groupe A, Score 44)

Robot Robot_3 (Groupe B, Score 46)

Robot Robot_1 a choisi la carte [ 40 | 3 ]

Robot Robot_2 a choisi la carte [ 94 | 1 ]

Robot Robot_3 a choisi la carte [ 99 | 5 ]

FIN TOUR NUMERO : 8 

DEBUT MANCHE NUMERO : 1 

DEBUT TOUR NUMERO : 1 

Scores et information des joueurs :

Robot Robot_1 (Groupe B, Score 66)

Robot Robot_2 (Groupe A, Score 66)

Robot Robot_1 a choisi la carte [ 6 | 1 ]

Robot Robot_2 a choisi la carte [ 1 | 1 ]

FIN TOUR NUMERO : 1 

DEBUT TOUR NUMERO : 2 

Scores et information des joueurs :

Robot Robot_1 (Groupe B, Score 61)

Robot Robot_2 (Groupe A, Score 65)

Robot Robot_1 a choisi la carte [ 20 | 3 ]

Robot Robot_2 a choisi la carte [ 39 | 1 ]

FIN TOUR NUMERO : 2 

DEBUT TOUR NUMERO : 3 

Scores et information des joueurs :

Robot Robot_1 (Groupe B, Score 61)

Robot Robot_2 (Groupe A, Score 65)

Robot Robot_1 a choisi la carte [ 22 | 5 ]

Robot Robot_2 a choisi la carte [ 43 | 1 ]

FIN TOUR NUMERO : 3 

DEBUT TOUR NUMERO : 4 

Scores et information des joueurs :

Robot Robot_1 (Groupe B, Score 61)

Robot Robot_2 (Groupe A, Score 65)

Robot Robot_1 a choisi la carte [ 37 | 1 ]

Robot Robot_2 a choisi la carte [ 56 | 1 ]

FIN TOUR NUMERO : 4 

DEBUT TOUR NUMERO : 5 

Scores et information des joueurs :

Robot Robot_1 (Groupe B, Score 61)

Robot Robot_2 (Groupe A, Score 65)

Robot Robot_1 a choisi la carte [ 44 | 5 ]

Robot Robot_2 a choisi la carte [ 65 | 2 ]

FIN TOUR NUMERO : 5 

DEBUT TOUR NUMERO : 6 

Scores et information des joueurs :

Robot Robot_1 (Groupe B, Score 61)

Robot Robot_2 (Groupe A, Score 65)

Robot Robot_1 a choisi la carte [ 52 | 1 ]

Robot Robot_2 a choisi la carte [ 76 | 1 ]

FIN TOUR NUMERO : 6 

DEBUT TOUR NUMERO : 7 

Scores et information des joueurs :

Robot Robot_1 (Groupe B, Score 46)

Robot Robot_2 (Groupe A, Score 59)

Robot Robot_1 a choisi la carte [ 53 | 1 ]

Robot Robot_2 a choisi la carte [ 85 | 2 ]

FIN TOUR NUMERO : 7 

DEBUT TOUR NUMERO : 8 

Scores et information des joueurs :

Robot Robot_1 (Groupe B, Score 46)

Robot Robot_2 (Groupe A, Score 59)

Robot Robot_1 a choisi la carte [ 59 | 1 ]

Robot Robot_2 a choisi la carte [ 87 | 1 ]

FIN TOUR NUMERO : 8 

DEBUT TOUR NUMERO : 9 

Scores et information des joueurs :

Robot Robot_1 (Groupe B, Score 46)

Robot Robot_2 (Groupe A, Score 59)

Robot Robot_1 a choisi la carte [ 77 | 5 ]

Robot Robot_2 a choisi la carte [ 93 | 1 ]

FIN TOUR NUMERO : 9 

DEBUT TOUR NUMERO : 10 

Scores et information des joueurs :

Robot Robot_1 (Groupe B, Score 46)

Robot Robot_2 (Groupe A, Score 59)

Robot Robot_1 a choisi la carte [ 95 | 2 ]

Robot Robot_2 a choisi la carte [ 96 | 1 ]

FIN TOUR NUMERO : 10 

FIN MANCHE NUMERO : 1 

DEBUT MANCHE NUMERO : 2 

DEBUT TOUR NUMERO : 1 

Scores et information des joueurs :

Robot Robot_1 (Groupe B, Score 46)

Robot Robot_2 (Groupe A, Score 52)

Robot Robot_1 a choisi la carte [ 6 | 1 ]

Robot Robot_2 a choisi la carte [ 1 | 1 ]

FIN TOUR NUMERO : 1 

DEBUT TOUR NUMERO : 2 

Scores et information des joueurs :

Robot Robot_1 (Groupe B, Score 41)

Robot Robot_2 (Groupe A, Score 51)

Robot Robot_1 a choisi la carte [ 20 | 3 ]

Robot Robot_2 a choisi la carte [ 39 | 1 ]

FIN TOUR NUMERO : 2 

DEBUT TOUR NUMERO : 3 

Scores et information des joueurs :

Robot Robot_1 (Groupe B, Score 41)

Robot Robot_2 (Groupe A, Score 51)

Robot Robot_1 a choisi la carte [ 22 | 5 ]

Robot Robot_2 a choisi la carte [ 43 | 1 ]

FIN TOUR NUMERO : 3 

DEBUT TOUR NUMERO : 4 

Scores et information des joueurs :

Robot Robot_1 (Groupe B, Score 41)

Robot Robot_2 (Groupe A, Score 51)

Robot Robot_1 a choisi la carte [ 37 | 1 ]

Robot Robot_2 a choisi la carte [ 56 | 1 ]

FIN TOUR NUMERO : 4 

DEBUT TOUR NUMERO : 5 

Scores et information des joueurs :

Robot Robot_1 (Groupe B, Score 41)

Robot Robot_2 (Groupe A, Score 51)

Robot Robot_1 a choisi la carte [ 44 | 5 ]

Robot Robot_2 a choisi la carte [ 65 | 2 ]

FIN TOUR NUMERO : 5 

DEBUT TOUR NUMERO : 6 

Scores et information des joueurs :

Robot Robot_1 (Groupe B, Score 41)

Robot Robot_2 (Groupe A, Score 51)

Robot Robot_1 a choisi la carte [ 52 | 1 ]

Robot Robot_2 a choisi la carte [ 76 | 1 ]

FIN TOUR NUMERO : 6 

DEBUT TOUR NUMERO : 7 

Scores et information des joueurs :

Robot Robot_1 (Groupe B, Score 26)

Robot Robot_2 (Groupe A, Score 45)

Robot Robot_1 a choisi la carte [ 53 | 1 ]

Robot Robot_2 a choisi la carte [ 85 | 2 ]

FIN TOUR NUMERO : 7 

DEBUT TOUR NUMERO : 8 

Scores et information des joueurs :

Robot Robot_1 (Groupe B, Score 26)

Robot Robot_2 (Groupe A, Score 45)

Robot Robot_1 a choisi la carte [ 59 | 1 ]

Robot Robot_2 a choisi la carte [ 87 | 1 ]

FIN TOUR NUMERO : 8 

DEBUT TOUR NUMERO : 9 

Scores et information des joueurs :

Robot Robot_1 (Groupe B, Score 26)

Robot Robot_2 (Groupe A, Score 45)

Robot Robot_1 a choisi la carte [ 77 | 5 ]

Robot Robot_2 a choisi la carte [ 93 | 1 ]

FIN TOUR NUMERO : 9 

DEBUT TOUR NUMERO : 10 

Scores et information des joueurs :

Robot Robot_1 (Groupe B, Score 26)

Robot Robot_2 (Groupe A, Score 45)

Robot Robot_1 a choisi la carte [ 95 | 2 ]

Robot Robot_2 a choisi la carte [ 96 | 1 ]

FIN TOUR NUMERO : 10 

FIN MANCHE NUMERO : 2 

DEBUT MANCHE NUMERO : 3 

DEBUT TOUR NUMERO : 1 

Scores et information des joueurs :

Robot Robot_1 (Groupe B, Score 26)

Robot Robot_2 (Groupe A, Score 38)

Robot Robot_1 a choisi la carte [ 6 | 1 ]

Robot Robot_2 a choisi la carte [ 1 | 1 ]

FIN TOUR NUMERO : 1 

DEBUT TOUR NUMERO : 2 

Scores et information des joueurs :

Robot Robot_1 (Groupe B, Score 21)

Robot Robot_2 (Groupe A, Score 37)

Robot Robot_1 a choisi la carte [ 20 | 3 ]

Robot Robot_2 a choisi la carte [ 39 | 1 ]

FIN TOUR NUMERO : 2 

DEBUT TOUR NUMERO : 3 

Scores et information des joueurs :

Robot Robot_1 (Groupe B, Score 21)

Robot Robot_2 (Groupe A, Score 37)

Robot Robot_1 a choisi la carte [ 22 | 5 ]

Robot Robot_2 a choisi la carte [ 43 | 1 ]

FIN TOUR NUMERO : 3 

DEBUT TOUR NUMERO : 4 

Scores et information des joueurs :

Robot Robot_1 (Groupe B, Score 21)

Robot Robot_2 (Groupe A, Score 37)

Robot Robot_1 a choisi la carte [ 37 | 1 ]

Robot Robot_2 a choisi la carte [ 56 | 1 ]

FIN TOUR NUMERO : 4 

DEBUT TOUR NUMERO : 5 

Scores et information des joueurs :

Robot Robot_1 (Groupe B, Score 21)

Robot Robot_2 (Groupe A, Score 37)

Robot Robot_1 a choisi la carte [ 44 | 5 ]

Robot Robot_2 a choisi la carte [ 65 | 2 ]

FIN TOUR NUMERO : 5 

DEBUT TOUR NUMERO : 6 

Scores et information des joueurs :

Robot Robot_1 (Groupe B, Score 21)

Robot Robot_2 (Groupe A, Score 37)

Robot Robot_1 a choisi la carte [ 52 | 1 ]

Robot Robot_2 a choisi la carte [ 76 | 1 ]

FIN TOUR NUMERO : 6 

DEBUT TOUR NUMERO : 7 

Scores et information des joueurs :

Robot Robot_1 (Groupe B, Score 6)

Robot Robot_2 (Groupe A, Score 31)

Robot Robot_1 a choisi la carte [ 53 | 1 ]

Robot Robot_2 a choisi la carte [ 85 | 2 ]

FIN TOUR NUMERO : 7 

DEBUT TOUR NUMERO : 8 

Scores et information des joueurs :

Robot Robot_1 (Groupe B, Score 6)

Robot Robot_2 (Groupe A, Score 31)

Robot Robot_1 a choisi la carte [ 59 | 1 ]

Robot Robot_2 a choisi la carte [ 87 | 1 ]

FIN TOUR NUMERO : 8 

DEBUT TOUR NUMERO : 9 

Scores et information des joueurs :

Robot Robot_1 (Groupe B, Score 6)

Robot Robot_2 (Groupe A, Score 31)

Robot Robot_1 a choisi la carte [ 77 | 5 ]

Robot Robot_2 a choisi la carte [ 93 | 1 ]

FIN TOUR NUMERO : 9 

DEBUT TOUR NUMERO : 10 

Scores et information des joueurs :

Robot Robot_1 (Groupe B, Score 6)

Robot Robot_2 (Groupe A, Score 31)

Robot Robot_1 a choisi la carte [ 95 | 2 ]

Robot Robot_2 a choisi la carte [ 96 | 1 ]

FIN TOUR NUMERO : 10 

FIN MANCHE NUMERO : 3 

DEBUT MANCHE NUMERO : 4 

DEBUT TOUR NUMERO : 1 

Scores et information des joueurs :

Robot Robot_1 (Groupe B, Score 6)

Robot Robot_2 (Groupe A, Score 24)

Robot Robot_1 a choisi la carte [ 6 | 1 ]

Robot Robot_2 a choisi la carte [ 1 | 1 ]

FIN TOUR NUMERO : 1 

DEBUT TOUR NUMERO : 2 

Scores et information des joueurs :

Robot Robot_1 (Groupe B, Score 1)

Robot Robot_2 (Groupe A, Score 23)

Robot Robot_1 a choisi la carte [ 20 | 3 ]

Robot Robot_2 a choisi la carte [ 39 | 1 ]

FIN TOUR NUMERO : 2 

DEBUT TOUR NUMERO : 3 

Scores et information des joueurs :

Robot Robot_1 (Groupe B, Score 1)

Robot Robot_2 (Groupe A, Score 23)

Robot Robot_1 a choisi la carte [ 22 | 5 ]

Robot Robot_2 a choisi la carte [ 43 | 1 ]

FIN TOUR NUMERO : 3 

DEBUT TOUR NUMERO : 4 

Scores et information des joueurs :

Robot Robot_1 (Groupe B, Score 1)

Robot Robot_2 (Groupe A, Score 23)

Robot Robot_1 a choisi la carte [ 37 | 1 ]

Robot Robot_2 a choisi la carte [ 56 | 1 ]

FIN TOUR NUMERO : 4 

DEBUT TOUR NUMERO : 5 

Scores et information des joueurs :

Robot Robot_1 (Groupe B, Score 1)

Robot Robot_2 (Groupe A, Score 23)

Robot Robot_1 a choisi la carte [ 44 | 5 ]

Robot Robot_2 a choisi la carte [ 65 | 2 ]

FIN TOUR NUMERO : 5 

DEBUT TOUR NUMERO : 6 

Scores et information des joueurs :

Robot Robot_1 (Groupe B, Score 1)

Robot Robot_2 (Groupe A, Score 23)

Robot Robot_1 a choisi la carte [ 52 | 1 ]

Robot Robot_2 a choisi la carte [ 76 | 1 ]

FIN TOUR NUMERO : 6 

DEBUT MANCHE NUMERO : 1 

DEBUT TOUR NUMERO : 1 

Scores et information des joueurs :

Robot Robot_1 (Groupe B, Score 66)

Robot Robot_2 (Groupe A, Score 66)

Robot Robot_1 a choisi la carte [ 68 | 1 ]

Robot Robot_2 a choisi la carte [ 34 | 1 ]

FIN TOUR NUMERO : 1 

DEBUT TOUR NUMERO : 2 

Scores et information des joueurs :

Robot Robot_1 (Groupe B, Score 66)

Robot Robot_2 (Groupe A, Score 66)

Robot Robot_1 a choisi la carte [ 44 | 5 ]

Robot Robot_2 a choisi la carte [ 52 | 1 ]

FIN TOUR NUMERO : 2 

DEBUT TOUR NUMERO : 3 

Scores et information des joueurs :

Robot Robot_1 (Groupe B, Score 66)

Robot Robot_2 (Groupe A, Score 66)

Robot Robot_1 a choisi la carte [ 102 | 1 ]

Robot Robot_2 a choisi la carte [ 46 | 1 ]

FIN TOUR NUMERO : 3 

DEBUT TOUR NUMERO : 4 

Scores et information des joueurs :

Robot Robot_1 (Groupe B, Score 66)

Robot Robot_2 (Groupe A, Score 58)

Robot Robot_1 a choisi la carte [ 5 | 2 ]

Robot Robot_2 a choisi la carte [ 82 | 1 ]

FIN TOUR NUMERO : 4 

DEBUT TOUR NUMERO : 5 

Scores et information des joueurs :

Robot Robot_1 (Groupe B, Score 65)

Robot Robot_2 (Groupe A, Score 58)

Robot Robot_1 a choisi la carte [ 50 | 3 ]

Robot Robot_2 a choisi la carte [ 12 | 1 ]

FIN TOUR NUMERO : 5 

DEBUT TOUR NUMERO : 6 

Scores et information des joueurs :

Robot Robot_1 (Groupe B, Score 65)

Robot Robot_2 (Groupe A, Score 53)

Robot Robot_1 a choisi la carte [ 13 | 1 ]

Robot Robot_2 a choisi la carte [ 91 | 1 ]

FIN TOUR NUMERO : 6 

DEBUT TOUR NUMERO : 7 

Scores et information des joueurs :

Robot Robot_1 (Groupe B, Score 65)

Robot Robot_2 (Groupe A, Score 53)

Robot Robot_1 a choisi la carte [ 71 | 1 ]

Robot Robot_2 a choisi la carte [ 29 | 1 ]

FIN TOUR NUMERO : 7 

DEBUT TOUR NUMERO : 8 

Scores et information des joueurs :

Robot Robot_1 (Groupe B, Score 65)

Robot Robot_2 (Groupe A, Score 53)

Robot Robot_1 a choisi la carte [ 79 | 1 ]

Robot Robot_2 a choisi la carte [ 74 | 1 ]

FIN TOUR NUMERO : 8 

DEBUT TOUR NUMERO : 9 

Scores et information des joueurs :

Robot Robot_1 (Groupe B, Score 65)

Robot Robot_2 (Groupe A, Score 53)

Robot Robot_1 a choisi la carte [ 38 | 1 ]

Robot Robot_2 a choisi la carte [ 51 | 1 ]

FIN TOUR NUMERO : 9 

DEBUT TOUR NUMERO : 10 

Scores et information des joueurs :

Robot Robot_1 (Groupe B, Score 61)

Robot Robot_2 (Groupe A, Score 53)

Robot Robot_1 a choisi la carte [ 2 | 1 ]

Robot Robot_2 a choisi la carte [ 104 | 1 ]

FIN TOUR NUMERO : 10 

FIN MANCHE NUMERO : 1 

DEBUT MANCHE NUMERO : 2 

DEBUT TOUR NUMERO : 1 

Scores et information des joueurs :

Robot Robot_1 (Groupe B, Score 59)

Robot Robot_2 (Groupe A, Score 53)

Robot Robot_1 a choisi la carte [ 68 | 1 ]

Robot Robot_2 a choisi la carte [ 34 | 1 ]

FIN TOUR NUMERO : 1 

DEBUT TOUR NUMERO : 2 

Scores et information des joueurs :

Robot Robot_1 (Groupe B, Score 59)

Robot Robot_2 (Groupe A, Score 53)

Robot Robot_1 a choisi la carte [ 44 | 5 ]

Robot Robot_2 a choisi la carte [ 52 | 1 ]

FIN TOUR NUMERO : 2 

DEBUT TOUR NUMERO : 3 

Scores et information des joueurs :

Robot Robot_1 (Groupe B, Score 59)

Robot Robot_2 (Groupe A, Score 53)

Robot Robot_1 a choisi la carte [ 102 | 1 ]

Robot Robot_2 a choisi la carte [ 46 | 1 ]

FIN TOUR NUMERO : 3 

DEBUT TOUR NUMERO : 4 

Scores et information des joueurs :

Robot Robot_1 (Groupe B, Score 59)

Robot Robot_2 (Groupe A, Score 45)

Robot Robot_1 a choisi la carte [ 5 | 2 ]

Robot Robot_2 a choisi la carte [ 82 | 1 ]

FIN TOUR NUMERO : 4 

DEBUT TOUR NUMERO : 5 

Scores et information des joueurs :

Robot Robot_1 (Groupe B, Score 58)

Robot Robot_2 (Groupe A, Score 45)

Robot Robot_1 a choisi la carte [ 50 | 3 ]

Robot Robot_2 a choisi la carte [ 12 | 1 ]

FIN TOUR NUMERO : 5 

DEBUT TOUR NUMERO : 6 

Scores et information des joueurs :

Robot Robot_1 (Groupe B, Score 58)

Robot Robot_2 (Groupe A, Score 40)

Robot Robot_1 a choisi la carte [ 13 | 1 ]

Robot Robot_2 a choisi la carte [ 91 | 1 ]

FIN TOUR NUMERO : 6 

DEBUT TOUR NUMERO : 7 

Scores et information des joueurs :

Robot Robot_1 (Groupe B, Score 58)

Robot Robot_2 (Groupe A, Score 40)

Robot Robot_1 a choisi la carte [ 71 | 1 ]

Robot Robot_2 a choisi la carte [ 29 | 1 ]

FIN TOUR NUMERO : 7 

DEBUT TOUR NUMERO : 8 

Scores et information des joueurs :

Robot Robot_1 (Groupe B, Score 58)

Robot Robot_2 (Groupe A, Score 40)

Robot Robot_1 a choisi la carte [ 79 | 1 ]

Robot Robot_2 a choisi la carte [ 74 | 1 ]

FIN TOUR NUMERO : 8 

DEBUT TOUR NUMERO : 9 

Scores et information des joueurs :

Robot Robot_1 (Groupe B, Score 58)

Robot Robot_2 (Groupe A, Score 40)

Robot Robot_1 a choisi la carte [ 38 | 1 ]

Robot Robot_2 a choisi la carte [ 51 | 1 ]

FIN TOUR NUMERO : 9 

DEBUT TOUR NUMERO : 10 

Scores et information des joueurs :

Robot Robot_1 (Groupe B, Score 54)

Robot Robot_2 (Groupe A, Score 40)

Robot Robot_1 a choisi la carte [ 2 | 1 ]

Robot Robot_2 a choisi la carte [ 104 | 1 ]

FIN TOUR NUMERO : 10 

FIN MANCHE NUMERO : 2 

DEBUT MANCHE NUMERO : 3 

DEBUT TOUR NUMERO : 1 

Scores et information des joueurs :

Robot Robot_1 (Groupe B, Score 52)

Robot Robot_2 (Groupe A, Score 40)

Robot Robot_1 a choisi la carte [ 68 | 1 ]

Robot Robot_2 a choisi la carte [ 34 | 1 ]

FIN TOUR NUMERO : 1 

DEBUT TOUR NUMERO : 2 

Scores et information des joueurs :

Robot Robot_1 (Groupe B, Score 52)

Robot Robot_2 (Groupe A, Score 40)

Robot Robot_1 a choisi la carte [ 44 | 5 ]

Robot Robot_2 a choisi la carte [ 52 | 1 ]

FIN TOUR NUMERO : 2 

DEBUT TOUR NUMERO : 3 

Scores et information des joueurs :

Robot Robot_1 (Groupe B, Score 52)

Robot Robot_2 (Groupe A, Score 40)

Robot Robot_1 a choisi la carte [ 102 | 1 ]

Robot Robot_2 a choisi la carte [ 46 | 1 ]

FIN TOUR NUMERO : 3 

DEBUT TOUR NUMERO : 4 

Scores et information des joueurs :

Robot Robot_1 (Groupe B, Score 52)

Robot Robot_2 (Groupe A, Score 32)

Robot Robot_1 a choisi la carte [ 5 | 2 ]

Robot Robot_2 a choisi la carte [ 82 | 1 ]

FIN TOUR NUMERO : 4 

DEBUT TOUR NUMERO : 5 

Scores et information des joueurs :

Robot Robot_1 (Groupe B, Score 51)

Robot Robot_2 (Groupe A, Score 32)

Robot Robot_1 a choisi la carte [ 50 | 3 ]

Robot Robot_2 a choisi la carte [ 12 | 1 ]

FIN TOUR NUMERO : 5 

DEBUT TOUR NUMERO : 6 

Scores et information des joueurs :

Robot Robot_1 (Groupe B, Score 51)

Robot Robot_2 (Groupe A, Score 27)

Robot Robot_1 a choisi la carte [ 13 | 1 ]

Robot Robot_2 a choisi la carte [ 91 | 1 ]

FIN TOUR NUMERO : 6 

DEBUT TOUR NUMERO : 7 

Scores et information des joueurs :

Robot Robot_1 (Groupe B, Score 51)

Robot Robot_2 (Groupe A, Score 27)

Robot Robot_1 a choisi la carte [ 71 | 1 ]

Robot Robot_2 a choisi la carte [ 29 | 1 ]

FIN TOUR NUMERO : 7 

DEBUT TOUR NUMERO : 8 

Scores et information des joueurs :

Robot Robot_1 (Groupe B, Score 51)

Robot Robot_2 (Groupe A, Score 27)

Robot Robot_1 a choisi la carte [ 79 | 1 ]

Robot Robot_2 a choisi la carte [ 74 | 1 ]

FIN TOUR NUMERO : 8 

DEBUT TOUR NUMERO : 9 

Scores et information des joueurs :

Robot Robot_1 (Groupe B, Score 51)

Robot Robot_2 (Groupe A, Score 27)

Robot Robot_1 a choisi la carte [ 38 | 1 ]

Robot Robot_2 a choisi la carte [ 51 | 1 ]

FIN TOUR NUMERO : 9 

DEBUT TOUR NUMERO : 10 

Scores et information des joueurs :

Robot Robot_1 (Groupe B, Score 47)

Robot Robot_2 (Groupe A, Score 27)

Robot Robot_1 a choisi la carte [ 2 | 1 ]

Robot Robot_2 a choisi la carte [ 104 | 1 ]

FIN TOUR NUMERO : 10 

FIN MANCHE NUMERO : 3 

DEBUT MANCHE NUMERO : 4 

DEBUT TOUR NUMERO : 1 

Scores et information des joueurs :

Robot Robot_1 (Groupe B, Score 45)

Robot Robot_2 (Groupe A, Score 27)

Robot Robot_1 a choisi la carte [ 68 | 1 ]

Robot Robot_2 a choisi la carte [ 34 | 1 ]

FIN TOUR NUMERO : 1 

DEBUT TOUR NUMERO : 2 

Scores et information des joueurs :

Robot Robot_1 (Groupe B, Score 45)

Robot Robot_2 (Groupe A, Score 27)

Robot Robot_1 a choisi la carte [ 44 | 5 ]

Robot Robot_2 a choisi la carte [ 52 | 1 ]

FIN TOUR NUMERO : 2 

DEBUT TOUR NUMERO : 3 

Scores et information des joueurs :

Robot Robot_1 (Groupe B, Score 45)

Robot Robot_2 (Groupe A, Score 27)

Robot Robot_1 a choisi la carte [ 102 | 1 ]

Robot Robot_2 a choisi la carte [ 46 | 1 ]

FIN TOUR NUMERO : 3 

DEBUT TOUR NUMERO : 4 

Scores et information des joueurs :

Robot Robot_1 (Groupe B, Score 45)

Robot Robot_2 (Groupe A, Score 19)

Robot Robot_1 a choisi la carte [ 5 | 2 ]

Robot Robot_2 a choisi la carte [ 82 | 1 ]

FIN TOUR NUMERO : 4 

DEBUT TOUR NUMERO : 5 

Scores et information des joueurs :

Robot Robot_1 (Groupe B, Score 44)

Robot Robot_2 (Groupe A, Score 19)

Robot Robot_1 a choisi la carte [ 50 | 3 ]

Robot Robot_2 a choisi la carte [ 12 | 1 ]

FIN TOUR NUMERO : 5 

DEBUT TOUR NUMERO : 6 

Scores et information des joueurs :

Robot Robot_1 (Groupe B, Score 44)

Robot Robot_2 (Groupe A, Score 14)

Robot Robot_1 a choisi la carte [ 13 | 1 ]

Robot Robot_2 a choisi la carte [ 91 | 1 ]

FIN TOUR NUMERO : 6 

DEBUT TOUR NUMERO : 7 

Scores et information des joueurs :

Robot Robot_1 (Groupe B, Score 44)

Robot Robot_2 (Groupe A, Score 14)

Robot Robot_1 a choisi la carte [ 71 | 1 ]

Robot Robot_2 a choisi la carte [ 29 | 1 ]

FIN TOUR NUMERO : 7 

DEBUT TOUR NUMERO : 8 

Scores et information des joueurs :

Robot Robot_1 (Groupe B, Score 44)

Robot Robot_2 (Groupe A, Score 14)

Robot Robot_1 a choisi la carte [ 79 | 1 ]

Robot Robot_2 a choisi la carte [ 74 | 1 ]

FIN TOUR NUMERO : 8 

DEBUT TOUR NUMERO : 9 

Scores et information des joueurs :

Robot Robot_1 (Groupe B, Score 44)

Robot Robot_2 (Groupe A, Score 14)

Robot Robot_1 a choisi la carte [ 38 | 1 ]

Robot Robot_2 a choisi la carte [ 51 | 1 ]

FIN TOUR NUMERO : 9 

DEBUT TOUR NUMERO : 10 

Scores et information des joueurs :

Robot Robot_1 (Groupe B, Score 40)

Robot Robot_2 (Groupe A, Score 14)

Robot Robot_1 a choisi la carte [ 2 | 1 ]

Robot Robot_2 a choisi la carte [ 104 | 1 ]

FIN TOUR NUMERO : 10 

FIN MANCHE NUMERO : 4 

DEBUT MANCHE NUMERO : 5 

DEBUT TOUR NUMERO : 1 

Scores et information des joueurs :

Robot Robot_1 (Groupe B, Score 38)

Robot Robot_2 (Groupe A, Score 14)

Robot Robot_1 a choisi la carte [ 68 | 1 ]

Robot Robot_2 a choisi la carte [ 34 | 1 ]

FIN TOUR NUMERO : 1 

DEBUT TOUR NUMERO : 2 

Scores et information des joueurs :

Robot Robot_1 (Groupe B, Score 38)

Robot Robot_2 (Groupe A, Score 14)

Robot Robot_1 a choisi la carte [ 44 | 5 ]

Robot Robot_2 a choisi la carte [ 52 | 1 ]

FIN TOUR NUMERO : 2 

DEBUT TOUR NUMERO : 3 

Scores et information des joueurs :

Robot Robot_1 (Groupe B, Score 38)

Robot Robot_2 (Groupe A, Score 14)

Robot Robot_1 a choisi la carte [ 102 | 1 ]

Robot Robot_2 a choisi la carte [ 46 | 1 ]

FIN TOUR NUMERO : 3 

DEBUT TOUR NUMERO : 4 

Scores et information des joueurs :

Robot Robot_1 (Groupe B, Score 38)

Robot Robot_2 (Groupe A, Score 6)

Robot Robot_1 a choisi la carte [ 5 | 2 ]

Robot Robot_2 a choisi la carte [ 82 | 1 ]

FIN TOUR NUMERO : 4 

DEBUT TOUR NUMERO : 5 

Scores et information des joueurs :

Robot Robot_1 (Groupe B, Score 37)

Robot Robot_2 (Groupe A, Score 6)

Robot Robot_1 a choisi la carte [ 50 | 3 ]

Robot Robot_2 a choisi la carte [ 12 | 1 ]

FIN TOUR NUMERO : 5 

DEBUT TOUR NUMERO : 6 

Scores et information des joueurs :

Robot Robot_1 (Groupe B, Score 37)

Robot Robot_2 (Groupe A, Score 1)

Robot Robot_1 a choisi la carte [ 13 | 1 ]

Robot Robot_2 a choisi la carte [ 91 | 1 ]

FIN TOUR NUMERO : 6 

DEBUT TOUR NUMERO : 7 

Scores et information des joueurs :

Robot Robot_1 (Groupe B, Score 37)

Robot Robot_2 (Groupe A, Score 1)

Robot Robot_1 a choisi la carte [ 71 | 1 ]

Robot Robot_2 a choisi la carte [ 29 | 1 ]

FIN TOUR NUMERO : 7 

DEBUT TOUR NUMERO : 8 

Scores et information des joueurs :

Robot Robot_1 (Groupe B, Score 37)

Robot Robot_2 (Groupe A, Score 1)

Robot Robot_1 a choisi la carte [ 79 | 1 ]

Robot Robot_2 a choisi la carte [ 74 | 1 ]

FIN TOUR NUMERO : 8 

DEBUT TOUR NUMERO : 9 

Scores et information des joueurs :

Robot Robot_1 (Groupe B, Score 37)

Robot Robot_2 (Groupe A, Score 1)

Robot Robot_1 a choisi la carte [ 38 | 1 ]

Robot Robot_2 a choisi la carte [ 51 | 1 ]

FIN TOUR NUMERO : 9 

DEBUT TOUR NUMERO : 10 

Scores et information des joueurs :

Robot Robot_1 (Groupe B, Score 33)

Robot Robot_2 (Groupe A, Score 1)

Robot Robot_1 a choisi la carte [ 2 | 1 ]

Robot Robot_2 a choisi la carte [ 104 | 1 ]

FIN TOUR NUMERO : 10 

FIN MANCHE NUMERO : 5 

DEBUT MANCHE NUMERO : 6 

DEBUT TOUR NUMERO : 1 

Scores et information des joueurs :

Robot Robot_1 (Groupe B, Score 31)

Robot Robot_2 (Groupe A, Score 1)

Robot Robot_1 a choisi la carte [ 68 | 1 ]

Robot Robot_2 a choisi la carte [ 34 | 1 ]

FIN TOUR NUMERO : 1 

DEBUT TOUR NUMERO : 2 

Scores et information des joueurs :

Robot Robot_1 (Groupe B, Score 31)

Robot Robot_2 (Groupe A, Score 1)

Robot Robot_1 a choisi la carte [ 44 | 5 ]

Robot Robot_2 a choisi la carte [ 52 | 1 ]

FIN TOUR NUMERO : 2 

DEBUT TOUR NUMERO : 3 

Scores et information des joueurs :

Robot Robot_1 (Groupe B, Score 31)

Robot Robot_2 (Groupe A, Score 1)

Robot Robot_1 a choisi la carte [ 102 | 1 ]

Robot Robot_2 a choisi la carte [ 46 | 1 ]

FIN TOUR NUMERO : 3 

DEBUT MANCHE NUMERO : 1 

DEBUT TOUR NUMERO : 1 

Scores et information des joueurs :

Robot Robot_1 (Groupe B, Score 66)

Robot Robot_2 (Groupe A, Score 66)

Robot Robot_3 (Groupe B, Score 66)

Robot Robot_1 a choisi la carte [ 94 | 1 ]

Robot Robot_2 a choisi la carte [ 103 | 1 ]

Robot Robot_3 a choisi la carte [ 88 | 5 ]

FIN TOUR NUMERO : 1 

DEBUT TOUR NUMERO : 2 

Scores et information des joueurs :

Robot Robot_1 (Groupe B, Score 66)

Robot Robot_2 (Groupe A, Score 66)

Robot Robot_3 (Groupe B, Score 66)

Robot Robot_1 a choisi la carte [ 93 | 1 ]

Robot Robot_2 a choisi la carte [ 100 | 3 ]

Robot Robot_3 a choisi la carte [ 61 | 1 ]

FIN TOUR NUMERO : 2 

DEBUT TOUR NUMERO : 3 

Scores et information des joueurs :

Robot Robot_1 (Groupe B, Score 66)

Robot Robot_2 (Groupe A, Score 66)

Robot Robot_3 (Groupe B, Score 66)

Robot Robot_1 a choisi la carte [ 91 | 1 ]

Robot Robot_2 a choisi la carte [ 58 | 1 ]

Robot Robot_3 a choisi la carte [ 55 | 7 ]

FIN TOUR NUMERO : 3 

DEBUT TOUR NUMERO : 4 

Scores et information des joueurs :

Robot Robot_1 (Groupe B, Score 66)

Robot Robot_2 (Groupe A, Score 66)

Robot Robot_3 (Groupe B, Score 63)

Robot Robot_1 a choisi la carte [ 81 | 1 ]

Robot Robot_2 a choisi la carte [ 54 | 1 ]

Robot Robot_3 a choisi la carte [ 44 | 5 ]

FIN TOUR NUMERO : 4 

DEBUT TOUR NUMERO : 5 

Scores et information des joueurs :

Robot Robot_1 (Groupe B, Score 66)

Robot Robot_2 (Groupe A, Score 59)

Robot Robot_3 (Groupe B, Score 62)

Robot Robot_1 a choisi la carte [ 68 | 1 ]

Robot Robot_2 a choisi la carte [ 39 | 1 ]

Robot Robot_3 a choisi la carte [ 42 | 1 ]

FIN TOUR NUMERO : 5 

DEBUT TOUR NUMERO : 6 

Scores et information des joueurs :

Robot Robot_1 (Groupe B, Score 66)

Robot Robot_2 (Groupe A, Score 53)

Robot Robot_3 (Groupe B, Score 62)

Robot Robot_1 a choisi la carte [ 27 | 1 ]

Robot Robot_2 a choisi la carte [ 21 | 1 ]

Robot Robot_3 a choisi la carte [ 41 | 1 ]

FIN TOUR NUMERO : 6 

DEBUT TOUR NUMERO : 7 

Scores et information des joueurs :

Robot Robot_1 (Groupe B, Score 64)

Robot Robot_2 (Groupe A, Score 52)

Robot Robot_3 (Groupe B, Score 62)

Robot Robot_1 a choisi la carte [ 15 | 2 ]

Robot Robot_2 a choisi la carte [ 20 | 3 ]

Robot Robot_3 a choisi la carte [ 38 | 1 ]

FIN TOUR NUMERO : 7 

DEBUT TOUR NUMERO : 8 

Scores et information des joueurs :

Robot Robot_1 (Groupe B, Score 62)

Robot Robot_2 (Groupe A, Score 52)

Robot Robot_3 (Groupe B, Score 62)

Robot Robot_1 a choisi la carte [ 12 | 1 ]

Robot Robot_2 a choisi la carte [ 18 | 1 ]

Robot Robot_3 a choisi la carte [ 32 | 1 ]

FIN TOUR NUMERO : 8 

DEBUT TOUR NUMERO : 9 

Scores et information des joueurs :

Robot Robot_1 (Groupe B, Score 56)

Robot Robot_2 (Groupe A, Score 52)

Robot Robot_3 (Groupe B, Score 62)

Robot Robot_1 a choisi la carte [ 11 | 5 ]

Robot Robot_2 a choisi la carte [ 4 | 1 ]

Robot Robot_3 a choisi la carte [ 19 | 1 ]

FIN TOUR NUMERO : 9 

DEBUT TOUR NUMERO : 10 

Scores et information des joueurs :

Robot Robot_1 (Groupe B, Score 53)

Robot Robot_2 (Groupe A, Score 47)

Robot Robot_3 (Groupe B, Score 62)

Robot Robot_1 a choisi la carte [ 3 | 1 ]

Robot Robot_2 a choisi la carte [ 2 | 1 ]

Robot Robot_3 a choisi la carte [ 1 | 1 ]

FIN TOUR NUMERO : 10 

FIN MANCHE NUMERO : 1 

DEBUT MANCHE NUMERO : 2 

DEBUT TOUR NUMERO : 1 

Scores et information des joueurs :

Robot Robot_1 (Groupe B, Score 51)

Robot Robot_2 (Groupe A, Score 46)

Robot Robot_3 (Groupe B, Score 61)

Robot Robot_1 a choisi la carte [ 94 | 1 ]

Robot Robot_2 a choisi la carte [ 103 | 1 ]

Robot Robot_3 a choisi la carte [ 88 | 5 ]

FIN TOUR NUMERO : 1 

DEBUT TOUR NUMERO : 2 

Scores et information des joueurs :

Robot Robot_1 (Groupe B, Score 51)

Robot Robot_2 (Groupe A, Score 46)

Robot Robot_3 (Groupe B, Score 61)

Robot Robot_1 a choisi la carte [ 93 | 1 ]

Robot Robot_2 a choisi la carte [ 100 | 3 ]

Robot Robot_3 a choisi la carte [ 61 | 1 ]

FIN TOUR NUMERO : 2 

DEBUT TOUR NUMERO : 3 

Scores et information des joueurs :

Robot Robot_1 (Groupe B, Score 51)

Robot Robot_2 (Groupe A, Score 46)

Robot Robot_3 (Groupe B, Score 61)

Robot Robot_1 a choisi la carte [ 91 | 1 ]

Robot Robot_2 a choisi la carte [ 58 | 1 ]

Robot Robot_3 a choisi la carte [ 55 | 7 ]

FIN TOUR NUMERO : 3 

DEBUT TOUR NUMERO : 4 

Scores et information des joueurs :

Robot Robot_1 (Groupe B, Score 51)

Robot Robot_2 (Groupe A, Score 46)

Robot Robot_3 (Groupe B, Score 58)

Robot Robot_1 a choisi la carte [ 81 | 1 ]

Robot Robot_2 a choisi la carte [ 54 | 1 ]

Robot Robot_3 a choisi la carte [ 44 | 5 ]

FIN TOUR NUMERO : 4 

DEBUT TOUR NUMERO : 5 

Scores et information des joueurs :

Robot Robot_1 (Groupe B, Score 51)

Robot Robot_2 (Groupe A, Score 39)

Robot Robot_3 (Groupe B, Score 57)

Robot Robot_1 a choisi la carte [ 68 | 1 ]

Robot Robot_2 a choisi la carte [ 39 | 1 ]

Robot Robot_3 a choisi la carte [ 42 | 1 ]

FIN TOUR NUMERO : 5 

DEBUT TOUR NUMERO : 6 

Scores et information des joueurs :

Robot Robot_1 (Groupe B, Score 51)

Robot Robot_2 (Groupe A, Score 33)

Robot Robot_3 (Groupe B, Score 57)

Robot Robot_1 a choisi la carte [ 27 | 1 ]

Robot Robot_2 a choisi la carte [ 21 | 1 ]

Robot Robot_3 a choisi la carte [ 41 | 1 ]

FIN TOUR NUMERO : 6 

DEBUT TOUR NUMERO : 7 

Scores et information des joueurs :

Robot Robot_1 (Groupe B, Score 49)

Robot Robot_2 (Groupe A, Score 32)

Robot Robot_3 (Groupe B, Score 57)

Robot Robot_1 a choisi la carte [ 15 | 2 ]

Robot Robot_2 a choisi la carte [ 20 | 3 ]

Robot Robot_3 a choisi la carte [ 38 | 1 ]

FIN TOUR NUMERO : 7 

DEBUT TOUR NUMERO : 8 

Scores et information des joueurs :

Robot Robot_1 (Groupe B, Score 47)

Robot Robot_2 (Groupe A, Score 32)

Robot Robot_3 (Groupe B, Score 57)

Robot Robot_1 a choisi la carte [ 12 | 1 ]

Robot Robot_2 a choisi la carte [ 18 | 1 ]

Robot Robot_3 a choisi la carte [ 32 | 1 ]

FIN TOUR NUMERO : 8 

DEBUT TOUR NUMERO : 9 

Scores et information des joueurs :

Robot Robot_1 (Groupe B, Score 41)

Robot Robot_2 (Groupe A, Score 32)

Robot Robot_3 (Groupe B, Score 57)

Robot Robot_1 a choisi la carte [ 11 | 5 ]

Robot Robot_2 a choisi la carte [ 4 | 1 ]

Robot Robot_3 a choisi la carte [ 19 | 1 ]

FIN TOUR NUMERO : 9 

DEBUT TOUR NUMERO : 10 

Scores et information des joueurs :

Robot Robot_1 (Groupe B, Score 38)

Robot Robot_2 (Groupe A, Score 27)

Robot Robot_3 (Groupe B, Score 57)

Robot Robot_1 a choisi la carte [ 3 | 1 ]

Robot Robot_2 a choisi la carte [ 2 | 1 ]

Robot Robot_3 a choisi la carte [ 1 | 1 ]

FIN TOUR NUMERO : 10 

FIN MANCHE NUMERO : 2 

DEBUT MANCHE NUMERO : 3 

DEBUT TOUR NUMERO : 1 

Scores et information des joueurs :

Robot Robot_1 (Groupe B, Score 36)

Robot Robot_2 (Groupe A, Score 26)

Robot Robot_3 (Groupe B, Score 56)

Robot Robot_1 a choisi la carte [ 94 | 1 ]

Robot Robot_2 a choisi la carte [ 103 | 1 ]

Robot Robot_3 a choisi la carte [ 88 | 5 ]

FIN TOUR NUMERO : 1 

DEBUT TOUR NUMERO : 2 

Scores et information des joueurs :

Robot Robot_1 (Groupe B, Score 36)

Robot Robot_2 (Groupe A, Score 26)

Robot Robot_3 (Groupe B, Score 56)

Robot Robot_1 a choisi la carte [ 93 | 1 ]

Robot Robot_2 a choisi la carte [ 100 | 3 ]

Robot Robot_3 a choisi la carte [ 61 | 1 ]

FIN TOUR NUMERO : 2 

DEBUT TOUR NUMERO : 3 

Scores et information des joueurs :

Robot Robot_1 (Groupe B, Score 36)

Robot Robot_2 (Groupe A, Score 26)

Robot Robot_3 (Groupe B, Score 56)

Robot Robot_1 a choisi la carte [ 91 | 1 ]

Robot Robot_2 a choisi la carte [ 58 | 1 ]

Robot Robot_3 a choisi la carte [ 55 | 7 ]

FIN TOUR NUMERO : 3 

DEBUT TOUR NUMERO : 4 

Scores et information des joueurs :

Robot Robot_1 (Groupe B, Score 36)

Robot Robot_2 (Groupe A, Score 26)

Robot Robot_3 (Groupe B, Score 53)

Robot Robot_1 a choisi la carte [ 81 | 1 ]

Robot Robot_2 a choisi la carte [ 54 | 1 ]

Robot Robot_3 a choisi la carte [ 44 | 5 ]

FIN TOUR NUMERO : 4 

DEBUT TOUR NUMERO : 5 

Scores et information des joueurs :

Robot Robot_1 (Groupe B, Score 36)

Robot Robot_2 (Groupe A, Score 19)

Robot Robot_3 (Groupe B, Score 52)

Robot Robot_1 a choisi la carte [ 68 | 1 ]

Robot Robot_2 a choisi la carte [ 39 | 1 ]

Robot Robot_3 a choisi la carte [ 42 | 1 ]

FIN TOUR NUMERO : 5 

DEBUT TOUR NUMERO : 6 

Scores et information des joueurs :

Robot Robot_1 (Groupe B, Score 36)

Robot Robot_2 (Groupe A, Score 13)

Robot Robot_3 (Groupe B, Score 52)

Robot Robot_1 a choisi la carte [ 27 | 1 ]

Robot Robot_2 a choisi la carte [ 21 | 1 ]

Robot Robot_3 a choisi la carte [ 41 | 1 ]

FIN TOUR NUMERO : 6 

DEBUT TOUR NUMERO : 7 

Scores et information des joueurs :

Robot Robot_1 (Groupe B, Score 34)

Robot Robot_2 (Groupe A, Score 12)

Robot Robot_3 (Groupe B, Score 52)

Robot Robot_1 a choisi la carte [ 15 | 2 ]

Robot Robot_2 a choisi la carte [ 20 | 3 ]

Robot Robot_3 a choisi la carte [ 38 | 1 ]

FIN TOUR NUMERO : 7 

DEBUT TOUR NUMERO : 8 

Scores et information des joueurs :

Robot Robot_1 (Groupe B, Score 32)

Robot Robot_2 (Groupe A, Score 12)

Robot Robot_3 (Groupe B, Score 52)

Robot Robot_1 a choisi la carte [ 12 | 1 ]

Robot Robot_2 a choisi la carte [ 18 | 1 ]

Robot Robot_3 a choisi la carte [ 32 | 1 ]

FIN TOUR NUMERO : 8 

DEBUT TOUR NUMERO : 9 

Scores et information des joueurs :

Robot Robot_1 (Groupe B, Score 26)

Robot Robot_2 (Groupe A, Score 12)

Robot Robot_3 (Groupe B, Score 52)

Robot Robot_1 a choisi la carte [ 11 | 5 ]

Robot Robot_2 a choisi la carte [ 4 | 1 ]

Robot Robot_3 a choisi la carte [ 19 | 1 ]

FIN TOUR NUMERO : 9 

DEBUT TOUR NUMERO : 10 

Scores et information des joueurs :

Robot Robot_1 (Groupe B, Score 23)

Robot Robot_2 (Groupe A, Score 7)

Robot Robot_3 (Groupe B, Score 52)

Robot Robot_1 a choisi la carte [ 3 | 1 ]

Robot Robot_2 a choisi la carte [ 2 | 1 ]

Robot Robot_3 a choisi la carte [ 1 | 1 ]

FIN TOUR NUMERO : 10 

FIN MANCHE NUMERO : 3 

DEBUT MANCHE NUMERO : 4 

DEBUT TOUR NUMERO : 1 

Scores et information des joueurs :

Robot Robot_1 (Groupe B, Score 21)

Robot Robot_2 (Groupe A, Score 6)

Robot Robot_3 (Groupe B, Score 51)

Robot Robot_1 a choisi la carte [ 94 | 1 ]

Robot Robot_2 a choisi la carte [ 103 | 1 ]

Robot Robot_3 a choisi la carte [ 88 | 5 ]

FIN TOUR NUMERO : 1 

DEBUT TOUR NUMERO : 2 

Scores et information des joueurs :

Robot Robot_1 (Groupe B, Score 21)

Robot Robot_2 (Groupe A, Score 6)

Robot Robot_3 (Groupe B, Score 51)

Robot Robot_1 a choisi la carte [ 93 | 1 ]

Robot Robot_2 a choisi la carte [ 100 | 3 ]

Robot Robot_3 a choisi la carte [ 61 | 1 ]

FIN TOUR NUMERO : 2 

DEBUT TOUR NUMERO : 3 

Scores et information des joueurs :

Robot Robot_1 (Groupe B, Score 21)

Robot Robot_2 (Groupe A, Score 6)

Robot Robot_3 (Groupe B, Score 51)

Robot Robot_1 a choisi la carte [ 91 | 1 ]

Robot Robot_2 a choisi la carte [ 58 | 1 ]

Robot Robot_3 a choisi la carte [ 55 | 7 ]

FIN TOUR NUMERO : 3 

DEBUT TOUR NUMERO : 4 

Scores et information des joueurs :

Robot Robot_1 (Groupe B, Score 21)

Robot Robot_2 (Groupe A, Score 6)

Robot Robot_3 (Groupe B, Score 48)

Robot Robot_1 a choisi la carte [ 81 | 1 ]

Robot Robot_2 a choisi la carte [ 54 | 1 ]

Robot Robot_3 a choisi la carte [ 44 | 5 ]

FIN TOUR NUMERO : 4 

DEBUT MANCHE NUMERO : 1 

DEBUT TOUR NUMERO : 1 

Scores et information des joueurs :

Joueur yahya (Groupe A, Score 66)

Joueur mohamed (Groupe A, Score 66)



#############  TABLE DU JEU  ############# 



[  [  42  |  1 ]  ]

[  [  15  |  2 ]  ]

[  [  34  |  1 ]  ]

[  [  23  |  1 ]  ]



#############  TABLE DU JEU  ############# 



[  [  42  |  1 ]  ]

[  [  15  |  2 ]  ]

[  [  34  |  1 ]  ]

[  [  23  |  1 ]  ]

Joueur yahya a choisi la carte [ 24 | 1 ]

Joueur mohamed a choisi la carte [ 54 | 1 ]

FIN TOUR NUMERO : 1 

DEBUT TOUR NUMERO : 2 

Scores et information des joueurs :

Joueur yahya (Groupe A, Score 66)

Joueur mohamed (Groupe A, Score 66)



#############  TABLE DU JEU  ############# 



[  [  42  |  1 ]  ,  [  54  |  1 ]  ]

[  [  15  |  2 ]  ]

[  [  34  |  1 ]  ]

[  [  23  |  1 ]  ,  [  24  |  1 ]  ]



#############  TABLE DU JEU  ############# 



[  [  42  |  1 ]  ,  [  54  |  1 ]  ]

[  [  15  |  2 ]  ]

[  [  34  |  1 ]  ]

[  [  23  |  1 ]  ,  [  24  |  1 ]  ]

Joueur yahya a choisi la carte [ 19 | 1 ]

Joueur mohamed a choisi la carte [ 28 | 1 ]

FIN TOUR NUMERO : 2 

DEBUT TOUR NUMERO : 3 

Scores et information des joueurs :

Joueur yahya (Groupe A, Score 66)

Joueur mohamed (Groupe A, Score 66)



#############  TABLE DU JEU  ############# 



[  [  42  |  1 ]  ,  [  54  |  1 ]  ]

[  [  15  |  2 ]  ,  [  19  |  1 ]  ]

[  [  34  |  1 ]  ]

[  [  23  |  1 ]  ,  [  24  |  1 ]  ,  [  28  |  1 ]  ]



#############  TABLE DU JEU  ############# 



[  [  42  |  1 ]  ,  [  54  |  1 ]  ]

[  [  15  |  2 ]  ,  [  19  |  1 ]  ]

[  [  34  |  1 ]  ]

[  [  23  |  1 ]  ,  [  24  |  1 ]  ,  [  28  |  1 ]  ]

Joueur yahya a choisi la carte [ 92 | 1 ]

Joueur mohamed a choisi la carte [ 10 | 3 ]

FIN TOUR NUMERO : 3 

DEBUT TOUR NUMERO : 4 

Scores et information des joueurs :

Joueur yahya (Groupe A, Score 66)

Joueur mohamed (Groupe A, Score 64)



#############  TABLE DU JEU  ############# 



[  [  10  |  3 ]  ]

[  [  15  |  2 ]  ,  [  19  |  1 ]  ]

[  [  34  |  1 ]  ,  [  92  |  1 ]  ]

[  [  23  |  1 ]  ,  [  24  |  1 ]  ,  [  28  |  1 ]  ]



#############  TABLE DU JEU  ############# 



[  [  10  |  3 ]  ]

[  [  15  |  2 ]  ,  [  19  |  1 ]  ]

[  [  34  |  1 ]  ,  [  92  |  1 ]  ]

[  [  23  |  1 ]  ,  [  24  |  1 ]  ,  [  28  |  1 ]  ]

Joueur yahya a choisi la carte [ 46 | 1 ]

Joueur mohamed a choisi la carte [ 99 | 5 ]

FIN TOUR NUMERO : 4 

DEBUT TOUR NUMERO : 5 

Scores et information des joueurs :

Joueur yahya (Groupe A, Score 66)

Joueur mohamed (Groupe A, Score 64)



#############  TABLE DU JEU  ############# 



[  [  10  |  3 ]  ]

[  [  15  |  2 ]  ,  [  19  |  1 ]  ]

[  [  34  |  1 ]  ,  [  92  |  1 ]  ,  [  99  |  5 ]  ]

[  [  23  |  1 ]  ,  [  24  |  1 ]  ,  [  28  |  1 ]  ,  [  46  |  1 ]  ]



#############  TABLE DU JEU  ############# 



[  [  10  |  3 ]  ]

[  [  15  |  2 ]  ,  [  19  |  1 ]  ]

[  [  34  |  1 ]  ,  [  92  |  1 ]  ,  [  99  |  5 ]  ]

[  [  23  |  1 ]  ,  [  24  |  1 ]  ,  [  28  |  1 ]  ,  [  46  |  1 ]  ]

Joueur yahya a choisi la carte [ 77 | 5 ]

Joueur mohamed a choisi la carte [ 89 | 1 ]

FIN TOUR NUMERO : 5 

DEBUT TOUR NUMERO : 6 

Scores et information des joueurs :

Joueur yahya (Groupe A, Score 66)

Joueur mohamed (Groupe A, Score 55)



#############  TABLE DU JEU  ############# 



[  [  10  |  3 ]  ]

[  [  15  |  2 ]  ,  [  19  |  1 ]  ]

[  [  34  |  1 ]  ,  [  92  |  1 ]  ,  [  99  |  5 ]  ]

[  [  89  |  1 ]  ]



#############  TABLE DU JEU  ############# 



[  [  10  |  3 ]  ]

[  [  15  |  2 ]  ,  [  19  |  1 ]  ]

[  [  34  |  1 ]  ,  [  92  |  1 ]  ,  [  99  |  5 ]  ]

[  [  89  |  1 ]  ]

Joueur yahya a choisi la carte [ 73 | 1 ]

Joueur mohamed a choisi la carte [ 13 | 1 ]

FIN TOUR NUMERO : 6 

DEBUT TOUR NUMERO : 7 

Scores et information des joueurs :

Joueur yahya (Groupe A, Score 66)

Joueur mohamed (Groupe A, Score 55)



#############  TABLE DU JEU  ############# 



[  [  10  |  3 ]  ,  [  13  |  1 ]  ]

[  [  15  |  2 ]  ,  [  19  |  1 ]  ,  [  73  |  1 ]  ]

[  [  34  |  1 ]  ,  [  92  |  1 ]  ,  [  99  |  5 ]  ]

[  [  89  |  1 ]  ]



#############  TABLE DU JEU  ############# 



[  [  10  |  3 ]  ,  [  13  |  1 ]  ]

[  [  15  |  2 ]  ,  [  19  |  1 ]  ,  [  73  |  1 ]  ]

[  [  34  |  1 ]  ,  [  92  |  1 ]  ,  [  99  |  5 ]  ]

[  [  89  |  1 ]  ]

Joueur yahya a choisi la carte [ 72 | 1 ]

Joueur mohamed a choisi la carte [ 41 | 1 ]

FIN TOUR NUMERO : 7 

DEBUT TOUR NUMERO : 8 

Scores et information des joueurs :

Joueur yahya (Groupe A, Score 66)

Joueur mohamed (Groupe A, Score 55)



#############  TABLE DU JEU  ############# 



[  [  10  |  3 ]  ,  [  13  |  1 ]  ,  [  41  |  1 ]  ,  [  72  |  1 ]  ]

[  [  15  |  2 ]  ,  [  19  |  1 ]  ,  [  73  |  1 ]  ]

[  [  34  |  1 ]  ,  [  92  |  1 ]  ,  [  99  |  5 ]  ]

[  [  89  |  1 ]  ]



#############  TABLE DU JEU  ############# 



[  [  10  |  3 ]  ,  [  13  |  1 ]  ,  [  41  |  1 ]  ,  [  72  |  1 ]  ]

[  [  15  |  2 ]  ,  [  19  |  1 ]  ,  [  73  |  1 ]  ]

[  [  34  |  1 ]  ,  [  92  |  1 ]  ,  [  99  |  5 ]  ]

[  [  89  |  1 ]  ]

Joueur yahya a choisi la carte [ 63 | 1 ]

Joueur mohamed a choisi la carte [ 81 | 1 ]

FIN TOUR NUMERO : 8 

DEBUT TOUR NUMERO : 9 

Scores et information des joueurs :

Joueur yahya (Groupe A, Score 60)

Joueur mohamed (Groupe A, Score 55)



#############  TABLE DU JEU  ############# 



[  [  63  |  1 ]  ]

[  [  15  |  2 ]  ,  [  19  |  1 ]  ,  [  73  |  1 ]  ,  [  81  |  1 ]  ]

[  [  34  |  1 ]  ,  [  92  |  1 ]  ,  [  99  |  5 ]  ]

[  [  89  |  1 ]  ]



#############  TABLE DU JEU  ############# 



[  [  63  |  1 ]  ]

[  [  15  |  2 ]  ,  [  19  |  1 ]  ,  [  73  |  1 ]  ,  [  81  |  1 ]  ]

[  [  34  |  1 ]  ,  [  92  |  1 ]  ,  [  99  |  5 ]  ]

[  [  89  |  1 ]  ]

Joueur yahya a choisi la carte [ 20 | 3 ]

Joueur mohamed a choisi la carte [ 44 | 5 ]

FIN TOUR NUMERO : 9 

DEBUT TOUR NUMERO : 10 

Scores et information des joueurs :

Joueur yahya (Groupe A, Score 55)

Joueur mohamed (Groupe A, Score 55)



#############  TABLE DU JEU  ############# 



[  [  63  |  1 ]  ]

[  [  20  |  3 ]  ,  [  44  |  5 ]  ]

[  [  34  |  1 ]  ,  [  92  |  1 ]  ,  [  99  |  5 ]  ]

[  [  89  |  1 ]  ]



#############  TABLE DU JEU  ############# 



[  [  63  |  1 ]  ]

[  [  20  |  3 ]  ,  [  44  |  5 ]  ]

[  [  34  |  1 ]  ,  [  92  |  1 ]  ,  [  99  |  5 ]  ]

[  [  89  |  1 ]  ]

Joueur yahya a choisi la carte [ 91 | 1 ]

Joueur mohamed a choisi la carte [ 33 | 5 ]

FIN TOUR NUMERO : 10 

FIN MANCHE NUMERO : 1 

DEBUT MANCHE NUMERO : 2 

DEBUT TOUR NUMERO : 1 

Scores et information des joueurs :

Joueur yahya (Groupe A, Score 55)

Joueur mohamed (Groupe A, Score 47)



#############  TABLE DU JEU  ############# 



[  [  80  |  3 ]  ]

[  [   5  |  2 ]  ]

[  [  76  |  1 ]  ]

[  [  45  |  2 ]  ]



#############  TABLE DU JEU  ############# 



[  [  80  |  3 ]  ]

[  [   5  |  2 ]  ]

[  [  76  |  1 ]  ]

[  [  45  |  2 ]  ]

Joueur yahya a choisi la carte [ 74 | 1 ]

Joueur mohamed a choisi la carte [ 23 | 1 ]

FIN TOUR NUMERO : 1 

DEBUT TOUR NUMERO : 2 

Scores et information des joueurs :

Joueur yahya (Groupe A, Score 55)

Joueur mohamed (Groupe A, Score 47)



#############  TABLE DU JEU  ############# 



[  [  80  |  3 ]  ]

[  [   5  |  2 ]  ,  [  23  |  1 ]  ]

[  [  76  |  1 ]  ]

[  [  45  |  2 ]  ,  [  74  |  1 ]  ]



#############  TABLE DU JEU  ############# 



[  [  80  |  3 ]  ]

[  [   5  |  2 ]  ,  [  23  |  1 ]  ]

[  [  76  |  1 ]  ]

[  [  45  |  2 ]  ,  [  74  |  1 ]  ]

Joueur yahya a choisi la carte [ 21 | 1 ]

Joueur mohamed a choisi la carte [ 24 | 1 ]

