
Début de la manche numéro : 1


Début du tour numéro : 1


Joueur Robot_1 (Groupe B, Score 66)


Joueur Robot_2 (Groupe A, Score 66)


Joueur Robot_3 (Groupe B, Score 66)

Fin du tour numéro : 1
Carte jouée par Robot_1 : Robot Robot_1 a choisi la carte [ 45 | 2 ]
Carte jouée par Robot_2 : Robot Robot_2 a choisi la carte [ 2 | 1 ]
Carte jouée par Robot_3 : Robot Robot_3 a choisi la carte [ 26 | 1 ]

Début du tour numéro : 2

Fin du tour numéro : 2
Carte jouée par Robot_1 : Robot Robot_1 a choisi la carte [ 77 | 5 ]
Carte jouée par Robot_2 : Robot Robot_2 a choisi la carte [ 6 | 1 ]
Carte jouée par Robot_3 : Robot Robot_3 a choisi la carte [ 17 | 1 ]

Début du tour numéro : 3

Fin du tour numéro : 3
Carte jouée par Robot_1 : Robot Robot_1 a choisi la carte [ 50 | 3 ]
Carte jouée par Robot_2 : Robot Robot_2 a choisi la carte [ 57 | 1 ]
Carte jouée par Robot_3 : Robot Robot_3 a choisi la carte [ 101 | 1 ]

Début du tour numéro : 4

Fin du tour numéro : 4
Carte jouée par Robot_1 : Robot Robot_1 a choisi la carte [ 15 | 2 ]
Carte jouée par Robot_2 : Robot Robot_2 a choisi la carte [ 47 | 1 ]
Carte jouée par Robot_3 : Robot Robot_3 a choisi la carte [ 81 | 1 ]

Début du tour numéro : 5

Fin du tour numéro : 5
Carte jouée par Robot_1 : Robot Robot_1 a choisi la carte [ 104 | 1 ]
Carte jouée par Robot_2 : Robot Robot_2 a choisi la carte [ 23 | 1 ]
Carte jouée par Robot_3 : Robot Robot_3 a choisi la carte [ 103 | 1 ]

Début du tour numéro : 6

Fin du tour numéro : 6
Carte jouée par Robot_1 : Robot Robot_1 a choisi la carte [ 64 | 1 ]
Carte jouée par Robot_2 : Robot Robot_2 a choisi la carte [ 43 | 1 ]
Carte jouée par Robot_3 : Robot Robot_3 a choisi la carte [ 20 | 3 ]

Début du tour numéro : 7

Fin du tour numéro : 7
Carte jouée par Robot_1 : Robot Robot_1 a choisi la carte [ 70 | 3 ]
Carte jouée par Robot_2 : Robot Robot_2 a choisi la carte [ 88 | 5 ]
Carte jouée par Robot_3 : Robot Robot_3 a choisi la carte [ 48 | 1 ]

Début du tour numéro : 8

Fin du tour numéro : 8
Carte jouée par Robot_1 : Robot Robot_1 a choisi la carte [ 40 | 3 ]
Carte jouée par Robot_2 : Robot Robot_2 a choisi la carte [ 94 | 1 ]
Carte jouée par Robot_3 : Robot Robot_3 a choisi la carte [ 99 | 5 ]

Début du tour numéro : 9

Fin du tour numéro : 9
Carte jouée par Robot_1 : Robot Robot_1 a choisi la carte [ 32 | 1 ]
Carte jouée par Robot_2 : Robot Robot_2 a choisi la carte [ 90 | 3 ]
Carte jouée par Robot_3 : Robot Robot_3 a choisi la carte [ 41 | 1 ]

Début du tour numéro : 10

Fin du tour numéro : 10
Carte jouée par Robot_1 : Robot Robot_1 a choisi la carte [ 35 | 2 ]
Carte jouée par Robot_2 : Robot Robot_2 a choisi la carte [ 29 | 1 ]
Carte jouée par Robot_3 : Robot Robot_3 a choisi la carte [ 68 | 1 ]
Fin de la manche numéro : 1

Début de la manche numéro : 2


Début du tour numéro : 1

Fin du tour numéro : 1
Carte jouée par Robot_1 : Robot Robot_1 a choisi la carte [ 45 | 2 ]
Carte jouée par Robot_2 : Robot Robot_2 a choisi la carte [ 2 | 1 ]
Carte jouée par Robot_3 : Robot Robot_3 a choisi la carte [ 26 | 1 ]

Début du tour numéro : 2

Fin du tour numéro : 2
Carte jouée par Robot_1 : Robot Robot_1 a choisi la carte [ 77 | 5 ]
Carte jouée par Robot_2 : Robot Robot_2 a choisi la carte [ 6 | 1 ]
Carte jouée par Robot_3 : Robot Robot_3 a choisi la carte [ 17 | 1 ]

Début du tour numéro : 3

Fin du tour numéro : 3
Carte jouée par Robot_1 : Robot Robot_1 a choisi la carte [ 50 | 3 ]
Carte jouée par Robot_2 : Robot Robot_2 a choisi la carte [ 57 | 1 ]
Carte jouée par Robot_3 : Robot Robot_3 a choisi la carte [ 101 | 1 ]

Début du tour numéro : 4

Fin du tour numéro : 4
Carte jouée par Robot_1 : Robot Robot_1 a choisi la carte [ 15 | 2 ]
Carte jouée par Robot_2 : Robot Robot_2 a choisi la carte [ 47 | 1 ]
Carte jouée par Robot_3 : Robot Robot_3 a choisi la carte [ 81 | 1 ]

Début du tour numéro : 5

Fin du tour numéro : 5
Carte jouée par Robot_1 : Robot Robot_1 a choisi la carte [ 104 | 1 ]
Carte jouée par Robot_2 : Robot Robot_2 a choisi la carte [ 23 | 1 ]
Carte jouée par Robot_3 : Robot Robot_3 a choisi la carte [ 103 | 1 ]

Début du tour numéro : 6

Fin du tour numéro : 6
Carte jouée par Robot_1 : Robot Robot_1 a choisi la carte [ 64 | 1 ]
Carte jouée par Robot_2 : Robot Robot_2 a choisi la carte [ 43 | 1 ]
Carte jouée par Robot_3 : Robot Robot_3 a choisi la carte [ 20 | 3 ]

Début du tour numéro : 7

Fin du tour numéro : 7
Carte jouée par Robot_1 : Robot Robot_1 a choisi la carte [ 70 | 3 ]
Carte jouée par Robot_2 : Robot Robot_2 a choisi la carte [ 88 | 5 ]
Carte jouée par Robot_3 : Robot Robot_3 a choisi la carte [ 48 | 1 ]

Début du tour numéro : 8

Fin du tour numéro : 8
Carte jouée par Robot_1 : Robot Robot_1 a choisi la carte [ 40 | 3 ]
Carte jouée par Robot_2 : Robot Robot_2 a choisi la carte [ 94 | 1 ]
Carte jouée par Robot_3 : Robot Robot_3 a choisi la carte [ 99 | 5 ]

Début du tour numéro : 9

Fin du tour numéro : 9
Carte jouée par Robot_1 : Robot Robot_1 a choisi la carte [ 32 | 1 ]
Carte jouée par Robot_2 : Robot Robot_2 a choisi la carte [ 90 | 3 ]
Carte jouée par Robot_3 : Robot Robot_3 a choisi la carte [ 41 | 1 ]

Début du tour numéro : 10

Fin du tour numéro : 10
Carte jouée par Robot_1 : Robot Robot_1 a choisi la carte [ 35 | 2 ]
Carte jouée par Robot_2 : Robot Robot_2 a choisi la carte [ 29 | 1 ]
Carte jouée par Robot_3 : Robot Robot_3 a choisi la carte [ 68 | 1 ]
Fin de la manche numéro : 2

Début de la manche numéro : 3


Début du tour numéro : 1

Fin du tour numéro : 1
Carte jouée par Robot_1 : Robot Robot_1 a choisi la carte [ 45 | 2 ]
Carte jouée par Robot_2 : Robot Robot_2 a choisi la carte [ 2 | 1 ]
Carte jouée par Robot_3 : Robot Robot_3 a choisi la carte [ 26 | 1 ]

Début du tour numéro : 2

Fin du tour numéro : 2
Carte jouée par Robot_1 : Robot Robot_1 a choisi la carte [ 77 | 5 ]
Carte jouée par Robot_2 : Robot Robot_2 a choisi la carte [ 6 | 1 ]
Carte jouée par Robot_3 : Robot Robot_3 a choisi la carte [ 17 | 1 ]

Début du tour numéro : 3

Fin du tour numéro : 3
Carte jouée par Robot_1 : Robot Robot_1 a choisi la carte [ 50 | 3 ]
Carte jouée par Robot_2 : Robot Robot_2 a choisi la carte [ 57 | 1 ]
Carte jouée par Robot_3 : Robot Robot_3 a choisi la carte [ 101 | 1 ]

Début du tour numéro : 4

Fin du tour numéro : 4
Carte jouée par Robot_1 : Robot Robot_1 a choisi la carte [ 15 | 2 ]
Carte jouée par Robot_2 : Robot Robot_2 a choisi la carte [ 47 | 1 ]
Carte jouée par Robot_3 : Robot Robot_3 a choisi la carte [ 81 | 1 ]

Début du tour numéro : 5

Fin du tour numéro : 5
Carte jouée par Robot_1 : Robot Robot_1 a choisi la carte [ 104 | 1 ]
Carte jouée par Robot_2 : Robot Robot_2 a choisi la carte [ 23 | 1 ]
Carte jouée par Robot_3 : Robot Robot_3 a choisi la carte [ 103 | 1 ]

Début du tour numéro : 6

Fin du tour numéro : 6
Carte jouée par Robot_1 : Robot Robot_1 a choisi la carte [ 64 | 1 ]
Carte jouée par Robot_2 : Robot Robot_2 a choisi la carte [ 43 | 1 ]
Carte jouée par Robot_3 : Robot Robot_3 a choisi la carte [ 20 | 3 ]

Début du tour numéro : 7

Fin du tour numéro : 7
Carte jouée par Robot_1 : Robot Robot_1 a choisi la carte [ 70 | 3 ]
Carte jouée par Robot_2 : Robot Robot_2 a choisi la carte [ 88 | 5 ]
Carte jouée par Robot_3 : Robot Robot_3 a choisi la carte [ 48 | 1 ]

Début du tour numéro : 8

Fin du tour numéro : 8
Carte jouée par Robot_1 : Robot Robot_1 a choisi la carte [ 40 | 3 ]
Carte jouée par Robot_2 : Robot Robot_2 a choisi la carte [ 94 | 1 ]
Carte jouée par Robot_3 : Robot Robot_3 a choisi la carte [ 99 | 5 ]

Début du tour numéro : 9

Fin du tour numéro : 9
Carte jouée par Robot_1 : Robot Robot_1 a choisi la carte [ 32 | 1 ]
Carte jouée par Robot_2 : Robot Robot_2 a choisi la carte [ 90 | 3 ]
Carte jouée par Robot_3 : Robot Robot_3 a choisi la carte [ 41 | 1 ]

Début du tour numéro : 10

Fin du tour numéro : 10
Carte jouée par Robot_1 : Robot Robot_1 a choisi la carte [ 35 | 2 ]
Carte jouée par Robot_2 : Robot Robot_2 a choisi la carte [ 29 | 1 ]
Carte jouée par Robot_3 : Robot Robot_3 a choisi la carte [ 68 | 1 ]
Fin de la manche numéro : 3

Début de la manche numéro : 4


Début du tour numéro : 1

Fin du tour numéro : 1
Carte jouée par Robot_1 : Robot Robot_1 a choisi la carte [ 45 | 2 ]
Carte jouée par Robot_2 : Robot Robot_2 a choisi la carte [ 2 | 1 ]
Carte jouée par Robot_3 : Robot Robot_3 a choisi la carte [ 26 | 1 ]

Début du tour numéro : 2

Fin du tour numéro : 2
Carte jouée par Robot_1 : Robot Robot_1 a choisi la carte [ 77 | 5 ]
Carte jouée par Robot_2 : Robot Robot_2 a choisi la carte [ 6 | 1 ]
Carte jouée par Robot_3 : Robot Robot_3 a choisi la carte [ 17 | 1 ]

Début du tour numéro : 3

Fin du tour numéro : 3
Carte jouée par Robot_1 : Robot Robot_1 a choisi la carte [ 50 | 3 ]
Carte jouée par Robot_2 : Robot Robot_2 a choisi la carte [ 57 | 1 ]
Carte jouée par Robot_3 : Robot Robot_3 a choisi la carte [ 101 | 1 ]

Début du tour numéro : 4

Fin du tour numéro : 4
Carte jouée par Robot_1 : Robot Robot_1 a choisi la carte [ 15 | 2 ]
Carte jouée par Robot_2 : Robot Robot_2 a choisi la carte [ 47 | 1 ]
Carte jouée par Robot_3 : Robot Robot_3 a choisi la carte [ 81 | 1 ]

Début du tour numéro : 5

Fin du tour numéro : 5
Carte jouée par Robot_1 : Robot Robot_1 a choisi la carte [ 104 | 1 ]
Carte jouée par Robot_2 : Robot Robot_2 a choisi la carte [ 23 | 1 ]
Carte jouée par Robot_3 : Robot Robot_3 a choisi la carte [ 103 | 1 ]

Début du tour numéro : 6

Fin du tour numéro : 6
Carte jouée par Robot_1 : Robot Robot_1 a choisi la carte [ 64 | 1 ]
Carte jouée par Robot_2 : Robot Robot_2 a choisi la carte [ 43 | 1 ]
Carte jouée par Robot_3 : Robot Robot_3 a choisi la carte [ 20 | 3 ]

Début du tour numéro : 7

Fin du tour numéro : 7
Carte jouée par Robot_1 : Robot Robot_1 a choisi la carte [ 70 | 3 ]
Carte jouée par Robot_2 : Robot Robot_2 a choisi la carte [ 88 | 5 ]
Carte jouée par Robot_3 : Robot Robot_3 a choisi la carte [ 48 | 1 ]

Début du tour numéro : 8

Fin du tour numéro : 8
Carte jouée par Robot_1 : Robot Robot_1 a choisi la carte [ 40 | 3 ]
Carte jouée par Robot_2 : Robot Robot_2 a choisi la carte [ 94 | 1 ]
Carte jouée par Robot_3 : Robot Robot_3 a choisi la carte [ 99 | 5 ]

Début de la manche numéro : 1


Début du tour numéro : 1

Fin du tour numéro : 1
Carte jouée par Robot_1 : Robot Robot_1 a choisi la carte [ 6 | 1 ]
Carte jouée par Robot_2 : Robot Robot_2 a choisi la carte [ 1 | 1 ]
Carte jouée par Robot_3 : Robot Robot_3 a choisi la carte [ 26 | 1 ]

Début du tour numéro : 2

Fin du tour numéro : 2
Carte jouée par Robot_1 : Robot Robot_1 a choisi la carte [ 20 | 3 ]
Carte jouée par Robot_2 : Robot Robot_2 a choisi la carte [ 39 | 1 ]
Carte jouée par Robot_3 : Robot Robot_3 a choisi la carte [ 17 | 1 ]

Début du tour numéro : 3

Fin du tour numéro : 3
Carte jouée par Robot_1 : Robot Robot_1 a choisi la carte [ 22 | 5 ]
Carte jouée par Robot_2 : Robot Robot_2 a choisi la carte [ 43 | 1 ]
Carte jouée par Robot_3 : Robot Robot_3 a choisi la carte [ 101 | 1 ]

Début du tour numéro : 4

Fin du tour numéro : 4
Carte jouée par Robot_1 : Robot Robot_1 a choisi la carte [ 37 | 1 ]
Carte jouée par Robot_2 : Robot Robot_2 a choisi la carte [ 56 | 1 ]
Carte jouée par Robot_3 : Robot Robot_3 a choisi la carte [ 81 | 1 ]

Début du tour numéro : 5

Fin du tour numéro : 5
Carte jouée par Robot_1 : Robot Robot_1 a choisi la carte [ 44 | 5 ]
Carte jouée par Robot_2 : Robot Robot_2 a choisi la carte [ 65 | 2 ]
Carte jouée par Robot_3 : Robot Robot_3 a choisi la carte [ 103 | 1 ]

Début du tour numéro : 6

Fin du tour numéro : 6
Carte jouée par Robot_1 : Robot Robot_1 a choisi la carte [ 52 | 1 ]
Carte jouée par Robot_2 : Robot Robot_2 a choisi la carte [ 76 | 1 ]
Carte jouée par Robot_3 : Robot Robot_3 a choisi la carte [ 20 | 3 ]

Début du tour numéro : 7

Fin du tour numéro : 7
Carte jouée par Robot_1 : Robot Robot_1 a choisi la carte [ 53 | 1 ]
Carte jouée par Robot_2 : Robot Robot_2 a choisi la carte [ 85 | 2 ]
Carte jouée par Robot_3 : Robot Robot_3 a choisi la carte [ 48 | 1 ]

Début du tour numéro : 8

Fin du tour numéro : 8
Carte jouée par Robot_1 : Robot Robot_1 a choisi la carte [ 59 | 1 ]
Carte jouée par Robot_2 : Robot Robot_2 a choisi la carte [ 87 | 1 ]
Carte jouée par Robot_3 : Robot Robot_3 a choisi la carte [ 99 | 5 ]

Début du tour numéro : 9

Fin du tour numéro : 9
Carte jouée par Robot_1 : Robot Robot_1 a choisi la carte [ 77 | 5 ]
Carte jouée par Robot_2 : Robot Robot_2 a choisi la carte [ 93 | 1 ]
Carte jouée par Robot_3 : Robot Robot_3 a choisi la carte [ 41 | 1 ]

Début du tour numéro : 10

Fin du tour numéro : 10
Carte jouée par Robot_1 : Robot Robot_1 a choisi la carte [ 95 | 2 ]
Carte jouée par Robot_2 : Robot Robot_2 a choisi la carte [ 96 | 1 ]
Carte jouée par Robot_3 : Robot Robot_3 a choisi la carte [ 68 | 1 ]
Fin de la manche numéro : 1

Début de la manche numéro : 2


Début du tour numéro : 1

Fin du tour numéro : 1
Carte jouée par Robot_1 : Robot Robot_1 a choisi la carte [ 6 | 1 ]
Carte jouée par Robot_2 : Robot Robot_2 a choisi la carte [ 1 | 1 ]
Carte jouée par Robot_3 : Robot Robot_3 a choisi la carte [ 26 | 1 ]

Début du tour numéro : 2

Fin du tour numéro : 2
Carte jouée par Robot_1 : Robot Robot_1 a choisi la carte [ 20 | 3 ]
Carte jouée par Robot_2 : Robot Robot_2 a choisi la carte [ 39 | 1 ]
Carte jouée par Robot_3 : Robot Robot_3 a choisi la carte [ 17 | 1 ]

Début du tour numéro : 3

Fin du tour numéro : 3
Carte jouée par Robot_1 : Robot Robot_1 a choisi la carte [ 22 | 5 ]
Carte jouée par Robot_2 : Robot Robot_2 a choisi la carte [ 43 | 1 ]
Carte jouée par Robot_3 : Robot Robot_3 a choisi la carte [ 101 | 1 ]

Début du tour numéro : 4

Fin du tour numéro : 4
Carte jouée par Robot_1 : Robot Robot_1 a choisi la carte [ 37 | 1 ]
Carte jouée par Robot_2 : Robot Robot_2 a choisi la carte [ 56 | 1 ]
Carte jouée par Robot_3 : Robot Robot_3 a choisi la carte [ 81 | 1 ]

Début du tour numéro : 5

Fin du tour numéro : 5
Carte jouée par Robot_1 : Robot Robot_1 a choisi la carte [ 44 | 5 ]
Carte jouée par Robot_2 : Robot Robot_2 a choisi la carte [ 65 | 2 ]
Carte jouée par Robot_3 : Robot Robot_3 a choisi la carte [ 103 | 1 ]

Début du tour numéro : 6

Fin du tour numéro : 6
Carte jouée par Robot_1 : Robot Robot_1 a choisi la carte [ 52 | 1 ]
Carte jouée par Robot_2 : Robot Robot_2 a choisi la carte [ 76 | 1 ]
Carte jouée par Robot_3 : Robot Robot_3 a choisi la carte [ 20 | 3 ]

Début du tour numéro : 7

Fin du tour numéro : 7
Carte jouée par Robot_1 : Robot Robot_1 a choisi la carte [ 53 | 1 ]
Carte jouée par Robot_2 : Robot Robot_2 a choisi la carte [ 85 | 2 ]
Carte jouée par Robot_3 : Robot Robot_3 a choisi la carte [ 48 | 1 ]

Début du tour numéro : 8

Fin du tour numéro : 8
Carte jouée par Robot_1 : Robot Robot_1 a choisi la carte [ 59 | 1 ]
Carte jouée par Robot_2 : Robot Robot_2 a choisi la carte [ 87 | 1 ]
Carte jouée par Robot_3 : Robot Robot_3 a choisi la carte [ 99 | 5 ]

Début du tour numéro : 9

Fin du tour numéro : 9
Carte jouée par Robot_1 : Robot Robot_1 a choisi la carte [ 77 | 5 ]
Carte jouée par Robot_2 : Robot Robot_2 a choisi la carte [ 93 | 1 ]
Carte jouée par Robot_3 : Robot Robot_3 a choisi la carte [ 41 | 1 ]

Début du tour numéro : 10

Fin du tour numéro : 10
Carte jouée par Robot_1 : Robot Robot_1 a choisi la carte [ 95 | 2 ]
Carte jouée par Robot_2 : Robot Robot_2 a choisi la carte [ 96 | 1 ]
Carte jouée par Robot_3 : Robot Robot_3 a choisi la carte [ 68 | 1 ]
Fin de la manche numéro : 2

Début de la manche numéro : 3


Début du tour numéro : 1

Fin du tour numéro : 1
Carte jouée par Robot_1 : Robot Robot_1 a choisi la carte [ 6 | 1 ]
Carte jouée par Robot_2 : Robot Robot_2 a choisi la carte [ 1 | 1 ]
Carte jouée par Robot_3 : Robot Robot_3 a choisi la carte [ 26 | 1 ]

Début du tour numéro : 2

Fin du tour numéro : 2
Carte jouée par Robot_1 : Robot Robot_1 a choisi la carte [ 20 | 3 ]
Carte jouée par Robot_2 : Robot Robot_2 a choisi la carte [ 39 | 1 ]
Carte jouée par Robot_3 : Robot Robot_3 a choisi la carte [ 17 | 1 ]

Début du tour numéro : 3

Fin du tour numéro : 3
Carte jouée par Robot_1 : Robot Robot_1 a choisi la carte [ 22 | 5 ]
Carte jouée par Robot_2 : Robot Robot_2 a choisi la carte [ 43 | 1 ]
Carte jouée par Robot_3 : Robot Robot_3 a choisi la carte [ 101 | 1 ]

Début du tour numéro : 4

Fin du tour numéro : 4
Carte jouée par Robot_1 : Robot Robot_1 a choisi la carte [ 37 | 1 ]
Carte jouée par Robot_2 : Robot Robot_2 a choisi la carte [ 56 | 1 ]
Carte jouée par Robot_3 : Robot Robot_3 a choisi la carte [ 81 | 1 ]

Début du tour numéro : 5

Fin du tour numéro : 5
Carte jouée par Robot_1 : Robot Robot_1 a choisi la carte [ 44 | 5 ]
Carte jouée par Robot_2 : Robot Robot_2 a choisi la carte [ 65 | 2 ]
Carte jouée par Robot_3 : Robot Robot_3 a choisi la carte [ 103 | 1 ]

Début du tour numéro : 6

Fin du tour numéro : 6
Carte jouée par Robot_1 : Robot Robot_1 a choisi la carte [ 52 | 1 ]
Carte jouée par Robot_2 : Robot Robot_2 a choisi la carte [ 76 | 1 ]
Carte jouée par Robot_3 : Robot Robot_3 a choisi la carte [ 20 | 3 ]

Début du tour numéro : 7

Fin du tour numéro : 7
Carte jouée par Robot_1 : Robot Robot_1 a choisi la carte [ 53 | 1 ]
Carte jouée par Robot_2 : Robot Robot_2 a choisi la carte [ 85 | 2 ]
Carte jouée par Robot_3 : Robot Robot_3 a choisi la carte [ 48 | 1 ]

Début du tour numéro : 8

Fin du tour numéro : 8
Carte jouée par Robot_1 : Robot Robot_1 a choisi la carte [ 59 | 1 ]
Carte jouée par Robot_2 : Robot Robot_2 a choisi la carte [ 87 | 1 ]
Carte jouée par Robot_3 : Robot Robot_3 a choisi la carte [ 99 | 5 ]

Début du tour numéro : 9

Fin du tour numéro : 9
Carte jouée par Robot_1 : Robot Robot_1 a choisi la carte [ 77 | 5 ]
Carte jouée par Robot_2 : Robot Robot_2 a choisi la carte [ 93 | 1 ]
Carte jouée par Robot_3 : Robot Robot_3 a choisi la carte [ 41 | 1 ]

Début du tour numéro : 10

Fin du tour numéro : 10
Carte jouée par Robot_1 : Robot Robot_1 a choisi la carte [ 95 | 2 ]
Carte jouée par Robot_2 : Robot Robot_2 a choisi la carte [ 96 | 1 ]
Carte jouée par Robot_3 : Robot Robot_3 a choisi la carte [ 68 | 1 ]
Fin de la manche numéro : 3

Début de la manche numéro : 4


Début du tour numéro : 1

Fin du tour numéro : 1
Carte jouée par Robot_1 : Robot Robot_1 a choisi la carte [ 6 | 1 ]
Carte jouée par Robot_2 : Robot Robot_2 a choisi la carte [ 1 | 1 ]
Carte jouée par Robot_3 : Robot Robot_3 a choisi la carte [ 26 | 1 ]

Début du tour numéro : 2

Fin du tour numéro : 2
Carte jouée par Robot_1 : Robot Robot_1 a choisi la carte [ 20 | 3 ]
Carte jouée par Robot_2 : Robot Robot_2 a choisi la carte [ 39 | 1 ]
Carte jouée par Robot_3 : Robot Robot_3 a choisi la carte [ 17 | 1 ]

Début du tour numéro : 3

Fin du tour numéro : 3
Carte jouée par Robot_1 : Robot Robot_1 a choisi la carte [ 22 | 5 ]
Carte jouée par Robot_2 : Robot Robot_2 a choisi la carte [ 43 | 1 ]
Carte jouée par Robot_3 : Robot Robot_3 a choisi la carte [ 101 | 1 ]

Début du tour numéro : 4

Fin du tour numéro : 4
Carte jouée par Robot_1 : Robot Robot_1 a choisi la carte [ 37 | 1 ]
Carte jouée par Robot_2 : Robot Robot_2 a choisi la carte [ 56 | 1 ]
Carte jouée par Robot_3 : Robot Robot_3 a choisi la carte [ 81 | 1 ]

Début du tour numéro : 5

Fin du tour numéro : 5
Carte jouée par Robot_1 : Robot Robot_1 a choisi la carte [ 44 | 5 ]
Carte jouée par Robot_2 : Robot Robot_2 a choisi la carte [ 65 | 2 ]
Carte jouée par Robot_3 : Robot Robot_3 a choisi la carte [ 103 | 1 ]

Début du tour numéro : 6

Fin du tour numéro : 6
Carte jouée par Robot_1 : Robot Robot_1 a choisi la carte [ 52 | 1 ]
Carte jouée par Robot_2 : Robot Robot_2 a choisi la carte [ 76 | 1 ]
Carte jouée par Robot_3 : Robot Robot_3 a choisi la carte [ 20 | 3 ]

Début de la manche numéro : 1


Début du tour numéro : 1

Fin du tour numéro : 1
Carte jouée par Robot_1 : Robot Robot_1 a choisi la carte [ 68 | 1 ]
Carte jouée par Robot_2 : Robot Robot_2 a choisi la carte [ 34 | 1 ]
Carte jouée par Robot_3 : Robot Robot_3 a choisi la carte [ 26 | 1 ]

Début du tour numéro : 2

Fin du tour numéro : 2
Carte jouée par Robot_1 : Robot Robot_1 a choisi la carte [ 44 | 5 ]
Carte jouée par Robot_2 : Robot Robot_2 a choisi la carte [ 52 | 1 ]
Carte jouée par Robot_3 : Robot Robot_3 a choisi la carte [ 17 | 1 ]

Début du tour numéro : 3

Fin du tour numéro : 3
Carte jouée par Robot_1 : Robot Robot_1 a choisi la carte [ 102 | 1 ]
Carte jouée par Robot_2 : Robot Robot_2 a choisi la carte [ 46 | 1 ]
Carte jouée par Robot_3 : Robot Robot_3 a choisi la carte [ 101 | 1 ]

Début du tour numéro : 4

Fin du tour numéro : 4
Carte jouée par Robot_1 : Robot Robot_1 a choisi la carte [ 5 | 2 ]
Carte jouée par Robot_2 : Robot Robot_2 a choisi la carte [ 82 | 1 ]
Carte jouée par Robot_3 : Robot Robot_3 a choisi la carte [ 81 | 1 ]

Début du tour numéro : 5

Fin du tour numéro : 5
Carte jouée par Robot_1 : Robot Robot_1 a choisi la carte [ 50 | 3 ]
Carte jouée par Robot_2 : Robot Robot_2 a choisi la carte [ 12 | 1 ]
Carte jouée par Robot_3 : Robot Robot_3 a choisi la carte [ 103 | 1 ]

Début du tour numéro : 6

Fin du tour numéro : 6
Carte jouée par Robot_1 : Robot Robot_1 a choisi la carte [ 13 | 1 ]
Carte jouée par Robot_2 : Robot Robot_2 a choisi la carte [ 91 | 1 ]
Carte jouée par Robot_3 : Robot Robot_3 a choisi la carte [ 20 | 3 ]

Début du tour numéro : 7

Fin du tour numéro : 7
Carte jouée par Robot_1 : Robot Robot_1 a choisi la carte [ 71 | 1 ]
Carte jouée par Robot_2 : Robot Robot_2 a choisi la carte [ 29 | 1 ]
Carte jouée par Robot_3 : Robot Robot_3 a choisi la carte [ 48 | 1 ]

Début du tour numéro : 8

Fin du tour numéro : 8
Carte jouée par Robot_1 : Robot Robot_1 a choisi la carte [ 79 | 1 ]
Carte jouée par Robot_2 : Robot Robot_2 a choisi la carte [ 74 | 1 ]
Carte jouée par Robot_3 : Robot Robot_3 a choisi la carte [ 99 | 5 ]

Début du tour numéro : 9

Fin du tour numéro : 9
Carte jouée par Robot_1 : Robot Robot_1 a choisi la carte [ 38 | 1 ]
Carte jouée par Robot_2 : Robot Robot_2 a choisi la carte [ 51 | 1 ]
Carte jouée par Robot_3 : Robot Robot_3 a choisi la carte [ 41 | 1 ]

Début du tour numéro : 10

Fin du tour numéro : 10
Carte jouée par Robot_1 : Robot Robot_1 a choisi la carte [ 2 | 1 ]
Carte jouée par Robot_2 : Robot Robot_2 a choisi la carte [ 104 | 1 ]
Carte jouée par Robot_3 : Robot Robot_3 a choisi la carte [ 68 | 1 ]
Fin de la manche numéro : 1

Début de la manche numéro : 2


Début du tour numéro : 1

Fin du tour numéro : 1
Carte jouée par Robot_1 : Robot Robot_1 a choisi la carte [ 68 | 1 ]
Carte jouée par Robot_2 : Robot Robot_2 a choisi la carte [ 34 | 1 ]
Carte jouée par Robot_3 : Robot Robot_3 a choisi la carte [ 26 | 1 ]

Début du tour numéro : 2

Fin du tour numéro : 2
Carte jouée par Robot_1 : Robot Robot_1 a choisi la carte [ 44 | 5 ]
Carte jouée par Robot_2 : Robot Robot_2 a choisi la carte [ 52 | 1 ]
Carte jouée par Robot_3 : Robot Robot_3 a choisi la carte [ 17 | 1 ]

Début du tour numéro : 3

Fin du tour numéro : 3
Carte jouée par Robot_1 : Robot Robot_1 a choisi la carte [ 102 | 1 ]
Carte jouée par Robot_2 : Robot Robot_2 a choisi la carte [ 46 | 1 ]
Carte jouée par Robot_3 : Robot Robot_3 a choisi la carte [ 101 | 1 ]

Début du tour numéro : 4

Fin du tour numéro : 4
Carte jouée par Robot_1 : Robot Robot_1 a choisi la carte [ 5 | 2 ]
Carte jouée par Robot_2 : Robot Robot_2 a choisi la carte [ 82 | 1 ]
Carte jouée par Robot_3 : Robot Robot_3 a choisi la carte [ 81 | 1 ]

Début du tour numéro : 5

Fin du tour numéro : 5
Carte jouée par Robot_1 : Robot Robot_1 a choisi la carte [ 50 | 3 ]
Carte jouée par Robot_2 : Robot Robot_2 a choisi la carte [ 12 | 1 ]
Carte jouée par Robot_3 : Robot Robot_3 a choisi la carte [ 103 | 1 ]

Début du tour numéro : 6

Fin du tour numéro : 6
Carte jouée par Robot_1 : Robot Robot_1 a choisi la carte [ 13 | 1 ]
Carte jouée par Robot_2 : Robot Robot_2 a choisi la carte [ 91 | 1 ]
Carte jouée par Robot_3 : Robot Robot_3 a choisi la carte [ 20 | 3 ]

Début du tour numéro : 7

Fin du tour numéro : 7
Carte jouée par Robot_1 : Robot Robot_1 a choisi la carte [ 71 | 1 ]
Carte jouée par Robot_2 : Robot Robot_2 a choisi la carte [ 29 | 1 ]
Carte jouée par Robot_3 : Robot Robot_3 a choisi la carte [ 48 | 1 ]

Début du tour numéro : 8

Fin du tour numéro : 8
Carte jouée par Robot_1 : Robot Robot_1 a choisi la carte [ 79 | 1 ]
Carte jouée par Robot_2 : Robot Robot_2 a choisi la carte [ 74 | 1 ]
Carte jouée par Robot_3 : Robot Robot_3 a choisi la carte [ 99 | 5 ]

Début du tour numéro : 9

Fin du tour numéro : 9
Carte jouée par Robot_1 : Robot Robot_1 a choisi la carte [ 38 | 1 ]
Carte jouée par Robot_2 : Robot Robot_2 a choisi la carte [ 51 | 1 ]
Carte jouée par Robot_3 : Robot Robot_3 a choisi la carte [ 41 | 1 ]

Début du tour numéro : 10

Fin du tour numéro : 10
Carte jouée par Robot_1 : Robot Robot_1 a choisi la carte [ 2 | 1 ]
Carte jouée par Robot_2 : Robot Robot_2 a choisi la carte [ 104 | 1 ]
Carte jouée par Robot_3 : Robot Robot_3 a choisi la carte [ 68 | 1 ]
Fin de la manche numéro : 2

Début de la manche numéro : 3


Début du tour numéro : 1

Fin du tour numéro : 1
Carte jouée par Robot_1 : Robot Robot_1 a choisi la carte [ 68 | 1 ]
Carte jouée par Robot_2 : Robot Robot_2 a choisi la carte [ 34 | 1 ]
Carte jouée par Robot_3 : Robot Robot_3 a choisi la carte [ 26 | 1 ]

Début du tour numéro : 2

Fin du tour numéro : 2
Carte jouée par Robot_1 : Robot Robot_1 a choisi la carte [ 44 | 5 ]
Carte jouée par Robot_2 : Robot Robot_2 a choisi la carte [ 52 | 1 ]
Carte jouée par Robot_3 : Robot Robot_3 a choisi la carte [ 17 | 1 ]

Début du tour numéro : 3

Fin du tour numéro : 3
Carte jouée par Robot_1 : Robot Robot_1 a choisi la carte [ 102 | 1 ]
Carte jouée par Robot_2 : Robot Robot_2 a choisi la carte [ 46 | 1 ]
Carte jouée par Robot_3 : Robot Robot_3 a choisi la carte [ 101 | 1 ]

Début du tour numéro : 4

Fin du tour numéro : 4
Carte jouée par Robot_1 : Robot Robot_1 a choisi la carte [ 5 | 2 ]
Carte jouée par Robot_2 : Robot Robot_2 a choisi la carte [ 82 | 1 ]
Carte jouée par Robot_3 : Robot Robot_3 a choisi la carte [ 81 | 1 ]

Début du tour numéro : 5

Fin du tour numéro : 5
Carte jouée par Robot_1 : Robot Robot_1 a choisi la carte [ 50 | 3 ]
Carte jouée par Robot_2 : Robot Robot_2 a choisi la carte [ 12 | 1 ]
Carte jouée par Robot_3 : Robot Robot_3 a choisi la carte [ 103 | 1 ]

Début du tour numéro : 6

Fin du tour numéro : 6
Carte jouée par Robot_1 : Robot Robot_1 a choisi la carte [ 13 | 1 ]
Carte jouée par Robot_2 : Robot Robot_2 a choisi la carte [ 91 | 1 ]
Carte jouée par Robot_3 : Robot Robot_3 a choisi la carte [ 20 | 3 ]

Début du tour numéro : 7

Fin du tour numéro : 7
Carte jouée par Robot_1 : Robot Robot_1 a choisi la carte [ 71 | 1 ]
Carte jouée par Robot_2 : Robot Robot_2 a choisi la carte [ 29 | 1 ]
Carte jouée par Robot_3 : Robot Robot_3 a choisi la carte [ 48 | 1 ]

Début du tour numéro : 8

Fin du tour numéro : 8
Carte jouée par Robot_1 : Robot Robot_1 a choisi la carte [ 79 | 1 ]
Carte jouée par Robot_2 : Robot Robot_2 a choisi la carte [ 74 | 1 ]
Carte jouée par Robot_3 : Robot Robot_3 a choisi la carte [ 99 | 5 ]

Début du tour numéro : 9

Fin du tour numéro : 9
Carte jouée par Robot_1 : Robot Robot_1 a choisi la carte [ 38 | 1 ]
Carte jouée par Robot_2 : Robot Robot_2 a choisi la carte [ 51 | 1 ]
Carte jouée par Robot_3 : Robot Robot_3 a choisi la carte [ 41 | 1 ]

Début du tour numéro : 10

Fin du tour numéro : 10
Carte jouée par Robot_1 : Robot Robot_1 a choisi la carte [ 2 | 1 ]
Carte jouée par Robot_2 : Robot Robot_2 a choisi la carte [ 104 | 1 ]
Carte jouée par Robot_3 : Robot Robot_3 a choisi la carte [ 68 | 1 ]
Fin de la manche numéro : 3

Début de la manche numéro : 4


Début du tour numéro : 1

Fin du tour numéro : 1
Carte jouée par Robot_1 : Robot Robot_1 a choisi la carte [ 68 | 1 ]
Carte jouée par Robot_2 : Robot Robot_2 a choisi la carte [ 34 | 1 ]
Carte jouée par Robot_3 : Robot Robot_3 a choisi la carte [ 26 | 1 ]

Début du tour numéro : 2

Fin du tour numéro : 2
Carte jouée par Robot_1 : Robot Robot_1 a choisi la carte [ 44 | 5 ]
Carte jouée par Robot_2 : Robot Robot_2 a choisi la carte [ 52 | 1 ]
Carte jouée par Robot_3 : Robot Robot_3 a choisi la carte [ 17 | 1 ]

Début du tour numéro : 3

Fin du tour numéro : 3
Carte jouée par Robot_1 : Robot Robot_1 a choisi la carte [ 102 | 1 ]
Carte jouée par Robot_2 : Robot Robot_2 a choisi la carte [ 46 | 1 ]
Carte jouée par Robot_3 : Robot Robot_3 a choisi la carte [ 101 | 1 ]

Début du tour numéro : 4

Fin du tour numéro : 4
Carte jouée par Robot_1 : Robot Robot_1 a choisi la carte [ 5 | 2 ]
Carte jouée par Robot_2 : Robot Robot_2 a choisi la carte [ 82 | 1 ]
Carte jouée par Robot_3 : Robot Robot_3 a choisi la carte [ 81 | 1 ]

Début du tour numéro : 5

Fin du tour numéro : 5
Carte jouée par Robot_1 : Robot Robot_1 a choisi la carte [ 50 | 3 ]
Carte jouée par Robot_2 : Robot Robot_2 a choisi la carte [ 12 | 1 ]
Carte jouée par Robot_3 : Robot Robot_3 a choisi la carte [ 103 | 1 ]

Début du tour numéro : 6

Fin du tour numéro : 6
Carte jouée par Robot_1 : Robot Robot_1 a choisi la carte [ 13 | 1 ]
Carte jouée par Robot_2 : Robot Robot_2 a choisi la carte [ 91 | 1 ]
Carte jouée par Robot_3 : Robot Robot_3 a choisi la carte [ 20 | 3 ]

Début du tour numéro : 7

Fin du tour numéro : 7
Carte jouée par Robot_1 : Robot Robot_1 a choisi la carte [ 71 | 1 ]
Carte jouée par Robot_2 : Robot Robot_2 a choisi la carte [ 29 | 1 ]
Carte jouée par Robot_3 : Robot Robot_3 a choisi la carte [ 48 | 1 ]

Début du tour numéro : 8

Fin du tour numéro : 8
Carte jouée par Robot_1 : Robot Robot_1 a choisi la carte [ 79 | 1 ]
Carte jouée par Robot_2 : Robot Robot_2 a choisi la carte [ 74 | 1 ]
Carte jouée par Robot_3 : Robot Robot_3 a choisi la carte [ 99 | 5 ]

Début du tour numéro : 9

Fin du tour numéro : 9
Carte jouée par Robot_1 : Robot Robot_1 a choisi la carte [ 38 | 1 ]
Carte jouée par Robot_2 : Robot Robot_2 a choisi la carte [ 51 | 1 ]
Carte jouée par Robot_3 : Robot Robot_3 a choisi la carte [ 41 | 1 ]

Début du tour numéro : 10

Fin du tour numéro : 10
Carte jouée par Robot_1 : Robot Robot_1 a choisi la carte [ 2 | 1 ]
Carte jouée par Robot_2 : Robot Robot_2 a choisi la carte [ 104 | 1 ]
Carte jouée par Robot_3 : Robot Robot_3 a choisi la carte [ 68 | 1 ]
Fin de la manche numéro : 4

Début de la manche numéro : 5


Début du tour numéro : 1

Fin du tour numéro : 1
Carte jouée par Robot_1 : Robot Robot_1 a choisi la carte [ 68 | 1 ]
Carte jouée par Robot_2 : Robot Robot_2 a choisi la carte [ 34 | 1 ]
Carte jouée par Robot_3 : Robot Robot_3 a choisi la carte [ 26 | 1 ]

Début du tour numéro : 2

Fin du tour numéro : 2
Carte jouée par Robot_1 : Robot Robot_1 a choisi la carte [ 44 | 5 ]
Carte jouée par Robot_2 : Robot Robot_2 a choisi la carte [ 52 | 1 ]
Carte jouée par Robot_3 : Robot Robot_3 a choisi la carte [ 17 | 1 ]

Début du tour numéro : 3

Fin du tour numéro : 3
Carte jouée par Robot_1 : Robot Robot_1 a choisi la carte [ 102 | 1 ]
Carte jouée par Robot_2 : Robot Robot_2 a choisi la carte [ 46 | 1 ]
Carte jouée par Robot_3 : Robot Robot_3 a choisi la carte [ 101 | 1 ]

Début du tour numéro : 4

Fin du tour numéro : 4
Carte jouée par Robot_1 : Robot Robot_1 a choisi la carte [ 5 | 2 ]
Carte jouée par Robot_2 : Robot Robot_2 a choisi la carte [ 82 | 1 ]
Carte jouée par Robot_3 : Robot Robot_3 a choisi la carte [ 81 | 1 ]

Début du tour numéro : 5

Fin du tour numéro : 5
Carte jouée par Robot_1 : Robot Robot_1 a choisi la carte [ 50 | 3 ]
Carte jouée par Robot_2 : Robot Robot_2 a choisi la carte [ 12 | 1 ]
Carte jouée par Robot_3 : Robot Robot_3 a choisi la carte [ 103 | 1 ]

Début du tour numéro : 6

Fin du tour numéro : 6
Carte jouée par Robot_1 : Robot Robot_1 a choisi la carte [ 13 | 1 ]
Carte jouée par Robot_2 : Robot Robot_2 a choisi la carte [ 91 | 1 ]
Carte jouée par Robot_3 : Robot Robot_3 a choisi la carte [ 20 | 3 ]

Début du tour numéro : 7

Fin du tour numéro : 7
Carte jouée par Robot_1 : Robot Robot_1 a choisi la carte [ 71 | 1 ]
Carte jouée par Robot_2 : Robot Robot_2 a choisi la carte [ 29 | 1 ]
Carte jouée par Robot_3 : Robot Robot_3 a choisi la carte [ 48 | 1 ]

Début du tour numéro : 8

Fin du tour numéro : 8
Carte jouée par Robot_1 : Robot Robot_1 a choisi la carte [ 79 | 1 ]
Carte jouée par Robot_2 : Robot Robot_2 a choisi la carte [ 74 | 1 ]
Carte jouée par Robot_3 : Robot Robot_3 a choisi la carte [ 99 | 5 ]

Début du tour numéro : 9

Fin du tour numéro : 9
Carte jouée par Robot_1 : Robot Robot_1 a choisi la carte [ 38 | 1 ]
Carte jouée par Robot_2 : Robot Robot_2 a choisi la carte [ 51 | 1 ]
Carte jouée par Robot_3 : Robot Robot_3 a choisi la carte [ 41 | 1 ]

Début du tour numéro : 10

Fin du tour numéro : 10
Carte jouée par Robot_1 : Robot Robot_1 a choisi la carte [ 2 | 1 ]
Carte jouée par Robot_2 : Robot Robot_2 a choisi la carte [ 104 | 1 ]
Carte jouée par Robot_3 : Robot Robot_3 a choisi la carte [ 68 | 1 ]
Fin de la manche numéro : 5

Début de la manche numéro : 6


Début du tour numéro : 1

Fin du tour numéro : 1
Carte jouée par Robot_1 : Robot Robot_1 a choisi la carte [ 68 | 1 ]
Carte jouée par Robot_2 : Robot Robot_2 a choisi la carte [ 34 | 1 ]
Carte jouée par Robot_3 : Robot Robot_3 a choisi la carte [ 26 | 1 ]

Début du tour numéro : 2

Fin du tour numéro : 2
Carte jouée par Robot_1 : Robot Robot_1 a choisi la carte [ 44 | 5 ]
Carte jouée par Robot_2 : Robot Robot_2 a choisi la carte [ 52 | 1 ]
Carte jouée par Robot_3 : Robot Robot_3 a choisi la carte [ 17 | 1 ]

Début du tour numéro : 3

Fin du tour numéro : 3
Carte jouée par Robot_1 : Robot Robot_1 a choisi la carte [ 102 | 1 ]
Carte jouée par Robot_2 : Robot Robot_2 a choisi la carte [ 46 | 1 ]
Carte jouée par Robot_3 : Robot Robot_3 a choisi la carte [ 101 | 1 ]

Début de la manche numéro : 1


Début du tour numéro : 1

Fin du tour numéro : 1
Carte jouée par Robot_1 : Robot Robot_1 a choisi la carte [ 94 | 1 ]
Carte jouée par Robot_2 : Robot Robot_2 a choisi la carte [ 103 | 1 ]
Carte jouée par Robot_3 : Robot Robot_3 a choisi la carte [ 88 | 5 ]

Début du tour numéro : 2

Fin du tour numéro : 2
Carte jouée par Robot_1 : Robot Robot_1 a choisi la carte [ 93 | 1 ]
Carte jouée par Robot_2 : Robot Robot_2 a choisi la carte [ 100 | 3 ]
Carte jouée par Robot_3 : Robot Robot_3 a choisi la carte [ 61 | 1 ]

Début du tour numéro : 3

Fin du tour numéro : 3
Carte jouée par Robot_1 : Robot Robot_1 a choisi la carte [ 91 | 1 ]
Carte jouée par Robot_2 : Robot Robot_2 a choisi la carte [ 58 | 1 ]
Carte jouée par Robot_3 : Robot Robot_3 a choisi la carte [ 55 | 7 ]

Début du tour numéro : 4

Fin du tour numéro : 4
Carte jouée par Robot_1 : Robot Robot_1 a choisi la carte [ 81 | 1 ]
Carte jouée par Robot_2 : Robot Robot_2 a choisi la carte [ 54 | 1 ]
Carte jouée par Robot_3 : Robot Robot_3 a choisi la carte [ 44 | 5 ]

Début du tour numéro : 5

Fin du tour numéro : 5
Carte jouée par Robot_1 : Robot Robot_1 a choisi la carte [ 68 | 1 ]
Carte jouée par Robot_2 : Robot Robot_2 a choisi la carte [ 39 | 1 ]
Carte jouée par Robot_3 : Robot Robot_3 a choisi la carte [ 42 | 1 ]

Début du tour numéro : 6

Fin du tour numéro : 6
Carte jouée par Robot_1 : Robot Robot_1 a choisi la carte [ 27 | 1 ]
Carte jouée par Robot_2 : Robot Robot_2 a choisi la carte [ 21 | 1 ]
Carte jouée par Robot_3 : Robot Robot_3 a choisi la carte [ 41 | 1 ]

Début du tour numéro : 7

Fin du tour numéro : 7
Carte jouée par Robot_1 : Robot Robot_1 a choisi la carte [ 15 | 2 ]
Carte jouée par Robot_2 : Robot Robot_2 a choisi la carte [ 20 | 3 ]
Carte jouée par Robot_3 : Robot Robot_3 a choisi la carte [ 38 | 1 ]

Début du tour numéro : 8

Fin du tour numéro : 8
Carte jouée par Robot_1 : Robot Robot_1 a choisi la carte [ 12 | 1 ]
Carte jouée par Robot_2 : Robot Robot_2 a choisi la carte [ 18 | 1 ]
Carte jouée par Robot_3 : Robot Robot_3 a choisi la carte [ 32 | 1 ]

Début du tour numéro : 9

Fin du tour numéro : 9
Carte jouée par Robot_1 : Robot Robot_1 a choisi la carte [ 11 | 5 ]
Carte jouée par Robot_2 : Robot Robot_2 a choisi la carte [ 4 | 1 ]
Carte jouée par Robot_3 : Robot Robot_3 a choisi la carte [ 19 | 1 ]

Début du tour numéro : 10

Fin du tour numéro : 10
Carte jouée par Robot_1 : Robot Robot_1 a choisi la carte [ 3 | 1 ]
Carte jouée par Robot_2 : Robot Robot_2 a choisi la carte [ 2 | 1 ]
Carte jouée par Robot_3 : Robot Robot_3 a choisi la carte [ 1 | 1 ]
Fin de la manche numéro : 1

Début de la manche numéro : 2


Début du tour numéro : 1

Fin du tour numéro : 1
Carte jouée par Robot_1 : Robot Robot_1 a choisi la carte [ 94 | 1 ]
Carte jouée par Robot_2 : Robot Robot_2 a choisi la carte [ 103 | 1 ]
Carte jouée par Robot_3 : Robot Robot_3 a choisi la carte [ 88 | 5 ]

Début du tour numéro : 2

Fin du tour numéro : 2
Carte jouée par Robot_1 : Robot Robot_1 a choisi la carte [ 93 | 1 ]
Carte jouée par Robot_2 : Robot Robot_2 a choisi la carte [ 100 | 3 ]
Carte jouée par Robot_3 : Robot Robot_3 a choisi la carte [ 61 | 1 ]

Début du tour numéro : 3

Fin du tour numéro : 3
Carte jouée par Robot_1 : Robot Robot_1 a choisi la carte [ 91 | 1 ]
Carte jouée par Robot_2 : Robot Robot_2 a choisi la carte [ 58 | 1 ]
Carte jouée par Robot_3 : Robot Robot_3 a choisi la carte [ 55 | 7 ]

Début du tour numéro : 4

Fin du tour numéro : 4
Carte jouée par Robot_1 : Robot Robot_1 a choisi la carte [ 81 | 1 ]
Carte jouée par Robot_2 : Robot Robot_2 a choisi la carte [ 54 | 1 ]
Carte jouée par Robot_3 : Robot Robot_3 a choisi la carte [ 44 | 5 ]

Début du tour numéro : 5

Fin du tour numéro : 5
Carte jouée par Robot_1 : Robot Robot_1 a choisi la carte [ 68 | 1 ]
Carte jouée par Robot_2 : Robot Robot_2 a choisi la carte [ 39 | 1 ]
Carte jouée par Robot_3 : Robot Robot_3 a choisi la carte [ 42 | 1 ]

Début du tour numéro : 6

Fin du tour numéro : 6
Carte jouée par Robot_1 : Robot Robot_1 a choisi la carte [ 27 | 1 ]
Carte jouée par Robot_2 : Robot Robot_2 a choisi la carte [ 21 | 1 ]
Carte jouée par Robot_3 : Robot Robot_3 a choisi la carte [ 41 | 1 ]

Début du tour numéro : 7

Fin du tour numéro : 7
Carte jouée par Robot_1 : Robot Robot_1 a choisi la carte [ 15 | 2 ]
Carte jouée par Robot_2 : Robot Robot_2 a choisi la carte [ 20 | 3 ]
Carte jouée par Robot_3 : Robot Robot_3 a choisi la carte [ 38 | 1 ]

Début du tour numéro : 8

Fin du tour numéro : 8
Carte jouée par Robot_1 : Robot Robot_1 a choisi la carte [ 12 | 1 ]
Carte jouée par Robot_2 : Robot Robot_2 a choisi la carte [ 18 | 1 ]
Carte jouée par Robot_3 : Robot Robot_3 a choisi la carte [ 32 | 1 ]

Début du tour numéro : 9

Fin du tour numéro : 9
Carte jouée par Robot_1 : Robot Robot_1 a choisi la carte [ 11 | 5 ]
Carte jouée par Robot_2 : Robot Robot_2 a choisi la carte [ 4 | 1 ]
Carte jouée par Robot_3 : Robot Robot_3 a choisi la carte [ 19 | 1 ]

Début du tour numéro : 10

Fin du tour numéro : 10
Carte jouée par Robot_1 : Robot Robot_1 a choisi la carte [ 3 | 1 ]
Carte jouée par Robot_2 : Robot Robot_2 a choisi la carte [ 2 | 1 ]
Carte jouée par Robot_3 : Robot Robot_3 a choisi la carte [ 1 | 1 ]
Fin de la manche numéro : 2

Début de la manche numéro : 3


Début du tour numéro : 1

Fin du tour numéro : 1
Carte jouée par Robot_1 : Robot Robot_1 a choisi la carte [ 94 | 1 ]
Carte jouée par Robot_2 : Robot Robot_2 a choisi la carte [ 103 | 1 ]
Carte jouée par Robot_3 : Robot Robot_3 a choisi la carte [ 88 | 5 ]

Début du tour numéro : 2

Fin du tour numéro : 2
Carte jouée par Robot_1 : Robot Robot_1 a choisi la carte [ 93 | 1 ]
Carte jouée par Robot_2 : Robot Robot_2 a choisi la carte [ 100 | 3 ]
Carte jouée par Robot_3 : Robot Robot_3 a choisi la carte [ 61 | 1 ]

Début du tour numéro : 3

Fin du tour numéro : 3
Carte jouée par Robot_1 : Robot Robot_1 a choisi la carte [ 91 | 1 ]
Carte jouée par Robot_2 : Robot Robot_2 a choisi la carte [ 58 | 1 ]
Carte jouée par Robot_3 : Robot Robot_3 a choisi la carte [ 55 | 7 ]

Début du tour numéro : 4

Fin du tour numéro : 4
Carte jouée par Robot_1 : Robot Robot_1 a choisi la carte [ 81 | 1 ]
Carte jouée par Robot_2 : Robot Robot_2 a choisi la carte [ 54 | 1 ]
Carte jouée par Robot_3 : Robot Robot_3 a choisi la carte [ 44 | 5 ]

Début du tour numéro : 5

Fin du tour numéro : 5
Carte jouée par Robot_1 : Robot Robot_1 a choisi la carte [ 68 | 1 ]
Carte jouée par Robot_2 : Robot Robot_2 a choisi la carte [ 39 | 1 ]
Carte jouée par Robot_3 : Robot Robot_3 a choisi la carte [ 42 | 1 ]

Début du tour numéro : 6

Fin du tour numéro : 6
Carte jouée par Robot_1 : Robot Robot_1 a choisi la carte [ 27 | 1 ]
Carte jouée par Robot_2 : Robot Robot_2 a choisi la carte [ 21 | 1 ]
Carte jouée par Robot_3 : Robot Robot_3 a choisi la carte [ 41 | 1 ]

Début du tour numéro : 7

Fin du tour numéro : 7
Carte jouée par Robot_1 : Robot Robot_1 a choisi la carte [ 15 | 2 ]
Carte jouée par Robot_2 : Robot Robot_2 a choisi la carte [ 20 | 3 ]
Carte jouée par Robot_3 : Robot Robot_3 a choisi la carte [ 38 | 1 ]

Début du tour numéro : 8

Fin du tour numéro : 8
Carte jouée par Robot_1 : Robot Robot_1 a choisi la carte [ 12 | 1 ]
Carte jouée par Robot_2 : Robot Robot_2 a choisi la carte [ 18 | 1 ]
Carte jouée par Robot_3 : Robot Robot_3 a choisi la carte [ 32 | 1 ]

Début du tour numéro : 9

Fin du tour numéro : 9
Carte jouée par Robot_1 : Robot Robot_1 a choisi la carte [ 11 | 5 ]
Carte jouée par Robot_2 : Robot Robot_2 a choisi la carte [ 4 | 1 ]
Carte jouée par Robot_3 : Robot Robot_3 a choisi la carte [ 19 | 1 ]

Début du tour numéro : 10

Fin du tour numéro : 10
Carte jouée par Robot_1 : Robot Robot_1 a choisi la carte [ 3 | 1 ]
Carte jouée par Robot_2 : Robot Robot_2 a choisi la carte [ 2 | 1 ]
Carte jouée par Robot_3 : Robot Robot_3 a choisi la carte [ 1 | 1 ]
Fin de la manche numéro : 3

Début de la manche numéro : 4


Début du tour numéro : 1

Fin du tour numéro : 1
Carte jouée par Robot_1 : Robot Robot_1 a choisi la carte [ 94 | 1 ]
Carte jouée par Robot_2 : Robot Robot_2 a choisi la carte [ 103 | 1 ]
Carte jouée par Robot_3 : Robot Robot_3 a choisi la carte [ 88 | 5 ]

Début du tour numéro : 2

Fin du tour numéro : 2
Carte jouée par Robot_1 : Robot Robot_1 a choisi la carte [ 93 | 1 ]
Carte jouée par Robot_2 : Robot Robot_2 a choisi la carte [ 100 | 3 ]
Carte jouée par Robot_3 : Robot Robot_3 a choisi la carte [ 61 | 1 ]

Début du tour numéro : 3

Fin du tour numéro : 3
Carte jouée par Robot_1 : Robot Robot_1 a choisi la carte [ 91 | 1 ]
Carte jouée par Robot_2 : Robot Robot_2 a choisi la carte [ 58 | 1 ]
Carte jouée par Robot_3 : Robot Robot_3 a choisi la carte [ 55 | 7 ]

Début du tour numéro : 4

Fin du tour numéro : 4
Carte jouée par Robot_1 : Robot Robot_1 a choisi la carte [ 81 | 1 ]
Carte jouée par Robot_2 : Robot Robot_2 a choisi la carte [ 54 | 1 ]
Carte jouée par Robot_3 : Robot Robot_3 a choisi la carte [ 44 | 5 ]

Début de la manche numéro : 1


Début du tour numéro : 1


Joueur yahya (Groupe A,, Score non disponible)

Joueur mohamed (Groupe A,, Score non disponible)
Fin du tour numéro : 1
Carte jouée par Robot_1 : Robot Robot_1 a choisi la carte [ 94 | 1 ]
Carte jouée par Robot_2 : Robot Robot_2 a choisi la carte [ 103 | 1 ]
Carte jouée par Robot_3 : Robot Robot_3 a choisi la carte [ 88 | 5 ]

Début du tour numéro : 2

Fin du tour numéro : 2
Carte jouée par Robot_1 : Robot Robot_1 a choisi la carte [ 93 | 1 ]
Carte jouée par Robot_2 : Robot Robot_2 a choisi la carte [ 100 | 3 ]
Carte jouée par Robot_3 : Robot Robot_3 a choisi la carte [ 61 | 1 ]

Début du tour numéro : 3

Fin du tour numéro : 3
Carte jouée par Robot_1 : Robot Robot_1 a choisi la carte [ 91 | 1 ]
Carte jouée par Robot_2 : Robot Robot_2 a choisi la carte [ 58 | 1 ]
Carte jouée par Robot_3 : Robot Robot_3 a choisi la carte [ 55 | 7 ]

Début du tour numéro : 4

Fin du tour numéro : 4
Carte jouée par Robot_1 : Robot Robot_1 a choisi la carte [ 81 | 1 ]
Carte jouée par Robot_2 : Robot Robot_2 a choisi la carte [ 54 | 1 ]
Carte jouée par Robot_3 : Robot Robot_3 a choisi la carte [ 44 | 5 ]

Début du tour numéro : 5

Fin du tour numéro : 5
Carte jouée par Robot_1 : Robot Robot_1 a choisi la carte [ 68 | 1 ]
Carte jouée par Robot_2 : Robot Robot_2 a choisi la carte [ 39 | 1 ]
Carte jouée par Robot_3 : Robot Robot_3 a choisi la carte [ 42 | 1 ]

Début du tour numéro : 6

Fin du tour numéro : 6
Carte jouée par Robot_1 : Robot Robot_1 a choisi la carte [ 27 | 1 ]
Carte jouée par Robot_2 : Robot Robot_2 a choisi la carte [ 21 | 1 ]
Carte jouée par Robot_3 : Robot Robot_3 a choisi la carte [ 41 | 1 ]

Début du tour numéro : 7

Fin du tour numéro : 7
Carte jouée par Robot_1 : Robot Robot_1 a choisi la carte [ 15 | 2 ]
Carte jouée par Robot_2 : Robot Robot_2 a choisi la carte [ 20 | 3 ]
Carte jouée par Robot_3 : Robot Robot_3 a choisi la carte [ 38 | 1 ]

Début du tour numéro : 8

Fin du tour numéro : 8
Carte jouée par Robot_1 : Robot Robot_1 a choisi la carte [ 12 | 1 ]
Carte jouée par Robot_2 : Robot Robot_2 a choisi la carte [ 18 | 1 ]
Carte jouée par Robot_3 : Robot Robot_3 a choisi la carte [ 32 | 1 ]

Début du tour numéro : 9

Fin du tour numéro : 9
Carte jouée par Robot_1 : Robot Robot_1 a choisi la carte [ 11 | 5 ]
Carte jouée par Robot_2 : Robot Robot_2 a choisi la carte [ 4 | 1 ]
Carte jouée par Robot_3 : Robot Robot_3 a choisi la carte [ 19 | 1 ]

Début du tour numéro : 10

Fin du tour numéro : 10
Carte jouée par Robot_1 : Robot Robot_1 a choisi la carte [ 3 | 1 ]
Carte jouée par Robot_2 : Robot Robot_2 a choisi la carte [ 2 | 1 ]
Carte jouée par Robot_3 : Robot Robot_3 a choisi la carte [ 1 | 1 ]
Fin de la manche numéro : 1

Début de la manche numéro : 2


Début du tour numéro : 1

Fin du tour numéro : 1
Carte jouée par Robot_1 : Robot Robot_1 a choisi la carte [ 94 | 1 ]
Carte jouée par Robot_2 : Robot Robot_2 a choisi la carte [ 103 | 1 ]
Carte jouée par Robot_3 : Robot Robot_3 a choisi la carte [ 88 | 5 ]

Début du tour numéro : 2


Statistiques globales :

Robot_1 : Score = 21,Tours joués = 161

mohamed : Score = 24,Tours joués = 24

Robot_2 : Score = 6,Tours joués = 161

Robot_3 : Score = 48,Tours joués = 72

yahya : Score = 21,Tours joués = 24


Score total de toutes les parties = 120
Nombre total de joueurs humains = 2
Nombre total de joueurs robots = 3
Moyenne des scores de toutes les parties = 24

Statistiques par robot :

Robot_1 : Moyenne = 41,0745, Variance = 402,987
Robot_2 : Moyenne = 40,0932, Variance = 1162,34
Robot_3 : Moyenne = 56,8611, Variance = 78,5193

Statistiques par joueur humain :

mohamed : Moyenne = 22,4583, Variance = 2,37674
yahya : Moyenne = 28, Variance = 49
